{"C:\\Work\\TapaYBusca\\backend\\src\\app.ts": {"path":"C:\\Work\\TapaYBusca\\backend\\src\\app.ts","statementMap":{"0":{"start":{"line":8,"column":6},"end":{"line":8,"column":null}},"1":{"start":{"line":10,"column":0},"end":{"line":10,"column":null}},"2":{"start":{"line":13,"column":0},"end":{"line":16,"column":null}},"3":{"start":{"line":17,"column":0},"end":{"line":17,"column":null}},"4":{"start":{"line":20,"column":0},"end":{"line":20,"column":null}},"5":{"start":{"line":21,"column":0},"end":{"line":21,"column":null}},"6":{"start":{"line":22,"column":0},"end":{"line":22,"column":null}},"7":{"start":{"line":25,"column":0},"end":{"line":30,"column":null}},"8":{"start":{"line":26,"column":2},"end":{"line":26,"column":null}},"9":{"start":{"line":27,"column":2},"end":{"line":29,"column":null}}},"fnMap":{"0":{"name":"(anonymous_0)","decl":{"start":{"line":25,"column":8},"end":{"line":25,"column":9}},"loc":{"start":{"line":25,"column":95},"end":{"line":30,"column":1}},"line":25}},"branchMap":{"0":{"loc":{"start":{"line":27,"column":13},"end":{"line":27,"column":34}},"type":"binary-expr","locations":[{"start":{"line":27,"column":13},"end":{"line":27,"column":31}},{"start":{"line":27,"column":31},"end":{"line":27,"column":34}}],"line":27},"1":{"loc":{"start":{"line":28,"column":11},"end":{"line":28,"column":null}},"type":"binary-expr","locations":[{"start":{"line":28,"column":11},"end":{"line":28,"column":26}},{"start":{"line":28,"column":26},"end":{"line":28,"column":null}}],"line":28}},"s":{"0":4,"1":4,"2":4,"3":4,"4":4,"5":4,"6":4,"7":4,"8":0,"9":0},"f":{"0":0},"b":{"0":[0,0],"1":[0,0]},"meta":{"lastBranch":2,"lastFunction":1,"lastStatement":10,"seen":{"s:8:6:8:Infinity":0,"s:10:0:10:Infinity":1,"s:13:0:16:Infinity":2,"s:17:0:17:Infinity":3,"s:20:0:20:Infinity":4,"s:21:0:21:Infinity":5,"s:22:0:22:Infinity":6,"s:25:0:30:Infinity":7,"f:25:8:25:9":0,"s:26:2:26:Infinity":8,"s:27:2:29:Infinity":9,"b:27:13:27:31:27:31:27:34":0,"b:28:11:28:26:28:26:28:Infinity":1}}}
,"C:\\Work\\TapaYBusca\\backend\\src\\config\\database.ts": {"path":"C:\\Work\\TapaYBusca\\backend\\src\\config\\database.ts","statementMap":{"0":{"start":{"line":3,"column":22},"end":{"line":3,"column":null}}},"fnMap":{},"branchMap":{},"s":{"0":4},"f":{},"b":{},"meta":{"lastBranch":0,"lastFunction":0,"lastStatement":1,"seen":{"s:3:22:3:Infinity":0}}}
,"C:\\Work\\TapaYBusca\\backend\\src\\config\\env.ts": {"path":"C:\\Work\\TapaYBusca\\backend\\src\\config\\env.ts","statementMap":{"0":{"start":{"line":5,"column":18},"end":{"line":5,"column":null}},"1":{"start":{"line":6,"column":17},"end":{"line":10,"column":null}},"2":{"start":{"line":11,"column":0},"end":{"line":14,"column":null}},"3":{"start":{"line":12,"column":8},"end":{"line":12,"column":null}},"4":{"start":{"line":13,"column":2},"end":{"line":13,"column":null}},"5":{"start":{"line":13,"column":62},"end":{"line":13,"column":null}},"6":{"start":{"line":17,"column":2},"end":{"line":17,"column":null}},"7":{"start":{"line":17,"column":27},"end":{"line":17,"column":null}},"8":{"start":{"line":18,"column":2},"end":{"line":18,"column":null}},"9":{"start":{"line":21,"column":22},"end":{"line":39,"column":null}}},"fnMap":{"0":{"name":"parseBoolean","decl":{"start":{"line":16,"column":9},"end":{"line":16,"column":22}},"loc":{"start":{"line":16,"column":77},"end":{"line":19,"column":null}},"line":16}},"branchMap":{"0":{"loc":{"start":{"line":13,"column":2},"end":{"line":13,"column":null}},"type":"if","locations":[{"start":{"line":13,"column":2},"end":{"line":13,"column":null}},{"start":{},"end":{}}],"line":13},"1":{"loc":{"start":{"line":13,"column":6},"end":{"line":13,"column":62}},"type":"binary-expr","locations":[{"start":{"line":13,"column":6},"end":{"line":13,"column":23}},{"start":{"line":13,"column":23},"end":{"line":13,"column":62}}],"line":13},"2":{"loc":{"start":{"line":17,"column":2},"end":{"line":17,"column":null}},"type":"if","locations":[{"start":{"line":17,"column":2},"end":{"line":17,"column":null}},{"start":{},"end":{}}],"line":17},"3":{"loc":{"start":{"line":18,"column":9},"end":{"line":18,"column":null}},"type":"binary-expr","locations":[{"start":{"line":18,"column":9},"end":{"line":18,"column":29}},{"start":{"line":18,"column":29},"end":{"line":18,"column":null}}],"line":18},"4":{"loc":{"start":{"line":22,"column":17},"end":{"line":22,"column":45}},"type":"binary-expr","locations":[{"start":{"line":22,"column":17},"end":{"line":22,"column":37}},{"start":{"line":22,"column":37},"end":{"line":22,"column":45}}],"line":22},"5":{"loc":{"start":{"line":23,"column":11},"end":{"line":23,"column":null}},"type":"binary-expr","locations":[{"start":{"line":23,"column":11},"end":{"line":23,"column":35}},{"start":{"line":23,"column":35},"end":{"line":23,"column":null}}],"line":23},"6":{"loc":{"start":{"line":24,"column":13},"end":{"line":24,"column":null}},"type":"binary-expr","locations":[{"start":{"line":24,"column":13},"end":{"line":24,"column":39}},{"start":{"line":24,"column":39},"end":{"line":24,"column":null}}],"line":24},"7":{"loc":{"start":{"line":25,"column":15},"end":{"line":25,"column":null}},"type":"binary-expr","locations":[{"start":{"line":25,"column":15},"end":{"line":25,"column":44}},{"start":{"line":25,"column":44},"end":{"line":25,"column":null}}],"line":25},"8":{"loc":{"start":{"line":26,"column":15},"end":{"line":26,"column":null}},"type":"binary-expr","locations":[{"start":{"line":26,"column":15},"end":{"line":26,"column":43}},{"start":{"line":26,"column":43},"end":{"line":26,"column":null}}],"line":26},"9":{"loc":{"start":{"line":28,"column":19},"end":{"line":28,"column":null}},"type":"binary-expr","locations":[{"start":{"line":28,"column":19},"end":{"line":28,"column":52}},{"start":{"line":28,"column":52},"end":{"line":28,"column":null}}],"line":28},"10":{"loc":{"start":{"line":29,"column":41},"end":{"line":29,"column":95}},"type":"binary-expr","locations":[{"start":{"line":29,"column":41},"end":{"line":29,"column":89}},{"start":{"line":29,"column":89},"end":{"line":29,"column":95}}],"line":29},"11":{"loc":{"start":{"line":33,"column":19},"end":{"line":33,"column":51}},"type":"binary-expr","locations":[{"start":{"line":33,"column":19},"end":{"line":33,"column":44}},{"start":{"line":33,"column":44},"end":{"line":33,"column":51}}],"line":33}},"s":{"0":4,"1":4,"2":4,"3":4,"4":4,"5":4,"6":4,"7":0,"8":4,"9":4},"f":{"0":4},"b":{"0":[4,0],"1":[4,4],"2":[0,4],"3":[4,4],"4":[4,0],"5":[4,0],"6":[4,0],"7":[4,0],"8":[4,0],"9":[4,4],"10":[4,4],"11":[4,0]},"meta":{"lastBranch":12,"lastFunction":1,"lastStatement":10,"seen":{"s:5:18:5:Infinity":0,"s:6:17:10:Infinity":1,"s:11:0:14:Infinity":2,"s:12:8:12:Infinity":3,"b:13:2:13:Infinity:undefined:undefined:undefined:undefined":0,"s:13:2:13:Infinity":4,"b:13:6:13:23:13:23:13:62":1,"s:13:62:13:Infinity":5,"f:16:9:16:22":0,"b:17:2:17:Infinity:undefined:undefined:undefined:undefined":2,"s:17:2:17:Infinity":6,"s:17:27:17:Infinity":7,"s:18:2:18:Infinity":8,"b:18:9:18:29:18:29:18:Infinity":3,"s:21:22:39:Infinity":9,"b:22:17:22:37:22:37:22:45":4,"b:23:11:23:35:23:35:23:Infinity":5,"b:24:13:24:39:24:39:24:Infinity":6,"b:25:15:25:44:25:44:25:Infinity":7,"b:26:15:26:43:26:43:26:Infinity":8,"b:28:19:28:52:28:52:28:Infinity":9,"b:29:41:29:89:29:89:29:95":10,"b:33:19:33:44:33:44:33:51":11}}}
,"C:\\Work\\TapaYBusca\\backend\\src\\modules\\auth\\auth.controller.ts": {"path":"C:\\Work\\TapaYBusca\\backend\\src\\modules\\auth\\auth.controller.ts","statementMap":{"0":{"start":{"line":5,"column":19},"end":{"line":5,"column":null}},"1":{"start":{"line":6,"column":23},"end":{"line":6,"column":null}},"2":{"start":{"line":11,"column":10},"end":{"line":22,"column":null}},"3":{"start":{"line":24,"column":13},"end":{"line":35,"column":null}},"4":{"start":{"line":9,"column":22},"end":{"line":9,"column":48}},"5":{"start":{"line":12,"column":4},"end":{"line":21,"column":null}},"6":{"start":{"line":13,"column":44},"end":{"line":13,"column":null}},"7":{"start":{"line":14,"column":21},"end":{"line":14,"column":null}},"8":{"start":{"line":16,"column":6},"end":{"line":16,"column":null}},"9":{"start":{"line":18,"column":6},"end":{"line":20,"column":null}},"10":{"start":{"line":25,"column":4},"end":{"line":34,"column":null}},"11":{"start":{"line":26,"column":47},"end":{"line":26,"column":null}},"12":{"start":{"line":27,"column":21},"end":{"line":27,"column":null}},"13":{"start":{"line":29,"column":6},"end":{"line":29,"column":null}},"14":{"start":{"line":31,"column":6},"end":{"line":33,"column":null}}},"fnMap":{"0":{"name":"(anonymous_0)","decl":{"start":{"line":9,"column":2},"end":{"line":9,"column":22}},"loc":{"start":{"line":9,"column":48},"end":{"line":9,"column":null}},"line":9},"1":{"name":"(anonymous_1)","decl":{"start":{"line":11,"column":10},"end":{"line":11,"column":17}},"loc":{"start":{"line":11,"column":64},"end":{"line":22,"column":null}},"line":11},"2":{"name":"(anonymous_2)","decl":{"start":{"line":24,"column":13},"end":{"line":24,"column":20}},"loc":{"start":{"line":24,"column":67},"end":{"line":35,"column":null}},"line":24}},"branchMap":{"0":{"loc":{"start":{"line":18,"column":17},"end":{"line":18,"column":51}},"type":"cond-expr","locations":[{"start":{"line":18,"column":42},"end":{"line":18,"column":48}},{"start":{"line":18,"column":48},"end":{"line":18,"column":51}}],"line":18},"1":{"loc":{"start":{"line":19,"column":15},"end":{"line":19,"column":null}},"type":"binary-expr","locations":[{"start":{"line":19,"column":15},"end":{"line":19,"column":32}},{"start":{"line":19,"column":32},"end":{"line":19,"column":null}}],"line":19},"2":{"loc":{"start":{"line":31,"column":17},"end":{"line":31,"column":51}},"type":"cond-expr","locations":[{"start":{"line":31,"column":42},"end":{"line":31,"column":48}},{"start":{"line":31,"column":48},"end":{"line":31,"column":51}}],"line":31},"3":{"loc":{"start":{"line":32,"column":15},"end":{"line":32,"column":null}},"type":"binary-expr","locations":[{"start":{"line":32,"column":15},"end":{"line":32,"column":32}},{"start":{"line":32,"column":32},"end":{"line":32,"column":null}}],"line":32}},"s":{"0":4,"1":4,"2":6,"3":6,"4":4,"5":6,"6":6,"7":6,"8":1,"9":5,"10":6,"11":6,"12":6,"13":1,"14":5},"f":{"0":4,"1":6,"2":6},"b":{"0":[5,0],"1":[5,0],"2":[5,0],"3":[5,0]},"meta":{"lastBranch":4,"lastFunction":3,"lastStatement":15,"seen":{"s:5:19:5:Infinity":0,"s:6:23:6:Infinity":1,"s:11:10:22:Infinity":2,"s:24:13:35:Infinity":3,"f:9:2:9:22":0,"s:9:22:9:48":4,"f:11:10:11:17":1,"s:12:4:21:Infinity":5,"s:13:44:13:Infinity":6,"s:14:21:14:Infinity":7,"s:16:6:16:Infinity":8,"s:18:6:20:Infinity":9,"b:18:42:18:48:18:48:18:51":0,"b:19:15:19:32:19:32:19:Infinity":1,"f:24:13:24:20":2,"s:25:4:34:Infinity":10,"s:26:47:26:Infinity":11,"s:27:21:27:Infinity":12,"s:29:6:29:Infinity":13,"s:31:6:33:Infinity":14,"b:31:42:31:48:31:48:31:51":2,"b:32:15:32:32:32:32:32:Infinity":3}}}
,"C:\\Work\\TapaYBusca\\backend\\src\\modules\\auth\\auth.repository.ts": {"path":"C:\\Work\\TapaYBusca\\backend\\src\\modules\\auth\\auth.repository.ts","statementMap":{"0":{"start":{"line":7,"column":4},"end":{"line":9,"column":null}},"1":{"start":{"line":13,"column":4},"end":{"line":15,"column":null}}},"fnMap":{"0":{"name":"(anonymous_0)","decl":{"start":{"line":6,"column":8},"end":{"line":6,"column":20}},"loc":{"start":{"line":6,"column":57},"end":{"line":10,"column":null}},"line":6},"1":{"name":"(anonymous_1)","decl":{"start":{"line":12,"column":8},"end":{"line":12,"column":15}},"loc":{"start":{"line":12,"column":59},"end":{"line":16,"column":null}},"line":12}},"branchMap":{},"s":{"0":0,"1":0},"f":{"0":0,"1":0},"b":{},"meta":{"lastBranch":0,"lastFunction":2,"lastStatement":2,"seen":{"f:6:8:6:20":0,"s:7:4:9:Infinity":0,"f:12:8:12:15":1,"s:13:4:15:Infinity":1}}}
,"C:\\Work\\TapaYBusca\\backend\\src\\modules\\auth\\auth.routes.ts": {"path":"C:\\Work\\TapaYBusca\\backend\\src\\modules\\auth\\auth.routes.ts","statementMap":{"0":{"start":{"line":12,"column":6},"end":{"line":12,"column":null}},"1":{"start":{"line":13,"column":23},"end":{"line":13,"column":null}},"2":{"start":{"line":14,"column":27},"end":{"line":14,"column":null}},"3":{"start":{"line":15,"column":20},"end":{"line":15,"column":null}},"4":{"start":{"line":16,"column":23},"end":{"line":16,"column":null}},"5":{"start":{"line":18,"column":32},"end":{"line":18,"column":null}},"6":{"start":{"line":19,"column":21},"end":{"line":19,"column":null}},"7":{"start":{"line":20,"column":29},"end":{"line":20,"column":null}},"8":{"start":{"line":21,"column":32},"end":{"line":21,"column":null}},"9":{"start":{"line":23,"column":6},"end":{"line":29,"column":null}},"10":{"start":{"line":31,"column":0},"end":{"line":31,"column":null}},"11":{"start":{"line":32,"column":0},"end":{"line":32,"column":null}},"12":{"start":{"line":33,"column":0},"end":{"line":33,"column":null}},"13":{"start":{"line":34,"column":0},"end":{"line":34,"column":null}}},"fnMap":{},"branchMap":{},"s":{"0":4,"1":4,"2":4,"3":4,"4":4,"5":4,"6":4,"7":4,"8":4,"9":4,"10":4,"11":4,"12":4,"13":4},"f":{},"b":{},"meta":{"lastBranch":0,"lastFunction":0,"lastStatement":14,"seen":{"s:12:6:12:Infinity":0,"s:13:23:13:Infinity":1,"s:14:27:14:Infinity":2,"s:15:20:15:Infinity":3,"s:16:23:16:Infinity":4,"s:18:32:18:Infinity":5,"s:19:21:19:Infinity":6,"s:20:29:20:Infinity":7,"s:21:32:21:Infinity":8,"s:23:6:29:Infinity":9,"s:31:0:31:Infinity":10,"s:32:0:32:Infinity":11,"s:33:0:33:Infinity":12,"s:34:0:34:Infinity":13}}}
,"C:\\Work\\TapaYBusca\\backend\\src\\modules\\auth\\auth.service.ts": {"path":"C:\\Work\\TapaYBusca\\backend\\src\\modules\\auth\\auth.service.ts","statementMap":{"0":{"start":{"line":12,"column":36},"end":{"line":12,"column":null}},"1":{"start":{"line":13,"column":44},"end":{"line":13,"column":null}},"2":{"start":{"line":14,"column":41},"end":{"line":14,"column":null}},"3":{"start":{"line":18,"column":12},"end":{"line":18,"column":null}},"4":{"start":{"line":19,"column":12},"end":{"line":19,"column":null}},"5":{"start":{"line":23,"column":4},"end":{"line":23,"column":null}},"6":{"start":{"line":24,"column":17},"end":{"line":24,"column":null}},"7":{"start":{"line":25,"column":4},"end":{"line":29,"column":null}},"8":{"start":{"line":30,"column":18},"end":{"line":30,"column":null}},"9":{"start":{"line":31,"column":4},"end":{"line":31,"column":null}},"10":{"start":{"line":35,"column":4},"end":{"line":35,"column":null}},"11":{"start":{"line":36,"column":4},"end":{"line":36,"column":null}},"12":{"start":{"line":37,"column":25},"end":{"line":37,"column":null}},"13":{"start":{"line":38,"column":17},"end":{"line":42,"column":null}},"14":{"start":{"line":43,"column":4},"end":{"line":43,"column":null}},"15":{"start":{"line":44,"column":18},"end":{"line":44,"column":null}},"16":{"start":{"line":45,"column":4},"end":{"line":45,"column":null}},"17":{"start":{"line":49,"column":17},"end":{"line":49,"column":null}},"18":{"start":{"line":50,"column":4},"end":{"line":50,"column":null}},"19":{"start":{"line":50,"column":15},"end":{"line":50,"column":null}},"20":{"start":{"line":51,"column":4},"end":{"line":51,"column":null}},"21":{"start":{"line":55,"column":4},"end":{"line":59,"column":null}},"22":{"start":{"line":63,"column":4},"end":{"line":70,"column":null}},"23":{"start":{"line":74,"column":21},"end":{"line":74,"column":null}},"24":{"start":{"line":75,"column":4},"end":{"line":75,"column":null}},"25":{"start":{"line":75,"column":18},"end":{"line":75,"column":null}}},"fnMap":{"0":{"name":"(anonymous_0)","decl":{"start":{"line":17,"column":2},"end":{"line":17,"column":null}},"loc":{"start":{"line":20,"column":4},"end":{"line":20,"column":null}},"line":20},"1":{"name":"(anonymous_1)","decl":{"start":{"line":22,"column":8},"end":{"line":22,"column":14}},"loc":{"start":{"line":22,"column":68},"end":{"line":32,"column":null}},"line":22},"2":{"name":"(anonymous_2)","decl":{"start":{"line":34,"column":8},"end":{"line":34,"column":17}},"loc":{"start":{"line":34,"column":74},"end":{"line":46,"column":null}},"line":34},"3":{"name":"(anonymous_3)","decl":{"start":{"line":48,"column":16},"end":{"line":48,"column":39}},"loc":{"start":{"line":48,"column":69},"end":{"line":52,"column":null}},"line":48},"4":{"name":"(anonymous_4)","decl":{"start":{"line":54,"column":10},"end":{"line":54,"column":22}},"loc":{"start":{"line":54,"column":61},"end":{"line":60,"column":null}},"line":54},"5":{"name":"(anonymous_5)","decl":{"start":{"line":62,"column":10},"end":{"line":62,"column":25}},"loc":{"start":{"line":62,"column":66},"end":{"line":71,"column":null}},"line":62},"6":{"name":"(anonymous_6)","decl":{"start":{"line":73,"column":16},"end":{"line":73,"column":41}},"loc":{"start":{"line":73,"column":71},"end":{"line":76,"column":null}},"line":73}},"branchMap":{"0":{"loc":{"start":{"line":50,"column":4},"end":{"line":50,"column":null}},"type":"if","locations":[{"start":{"line":50,"column":4},"end":{"line":50,"column":null}},{"start":{},"end":{}}],"line":50},"1":{"loc":{"start":{"line":75,"column":4},"end":{"line":75,"column":null}},"type":"if","locations":[{"start":{"line":75,"column":4},"end":{"line":75,"column":null}},{"start":{},"end":{}}],"line":75}},"s":{"0":4,"1":4,"2":4,"3":4,"4":4,"5":6,"6":6,"7":2,"8":1,"9":1,"10":6,"11":6,"12":2,"13":2,"14":2,"15":1,"16":1,"17":3,"18":3,"19":1,"20":2,"21":2,"22":2,"23":3,"24":3,"25":1},"f":{"0":4,"1":6,"2":6,"3":3,"4":2,"5":2,"6":3},"b":{"0":[1,2],"1":[1,2]},"meta":{"lastBranch":2,"lastFunction":7,"lastStatement":26,"seen":{"s:12:36:12:Infinity":0,"s:13:44:13:Infinity":1,"s:14:41:14:Infinity":2,"f:17:2:17:Infinity":0,"s:18:12:18:Infinity":3,"s:19:12:19:Infinity":4,"f:22:8:22:14":1,"s:23:4:23:Infinity":5,"s:24:17:24:Infinity":6,"s:25:4:29:Infinity":7,"s:30:18:30:Infinity":8,"s:31:4:31:Infinity":9,"f:34:8:34:17":2,"s:35:4:35:Infinity":10,"s:36:4:36:Infinity":11,"s:37:25:37:Infinity":12,"s:38:17:42:Infinity":13,"s:43:4:43:Infinity":14,"s:44:18:44:Infinity":15,"s:45:4:45:Infinity":16,"f:48:16:48:39":3,"s:49:17:49:Infinity":17,"b:50:4:50:Infinity:undefined:undefined:undefined:undefined":0,"s:50:4:50:Infinity":18,"s:50:15:50:Infinity":19,"s:51:4:51:Infinity":20,"f:54:10:54:22":4,"s:55:4:59:Infinity":21,"f:62:10:62:25":5,"s:63:4:70:Infinity":22,"f:73:16:73:41":6,"s:74:21:74:Infinity":23,"b:75:4:75:Infinity:undefined:undefined:undefined:undefined":1,"s:75:4:75:Infinity":24,"s:75:18:75:Infinity":25}}}
,"C:\\Work\\TapaYBusca\\backend\\src\\modules\\auth\\auth.types.ts": {"path":"C:\\Work\\TapaYBusca\\backend\\src\\modules\\auth\\auth.types.ts","statementMap":{},"fnMap":{},"branchMap":{},"s":{},"f":{},"b":{},"meta":{"lastBranch":0,"lastFunction":0,"lastStatement":0,"seen":{}}}
,"C:\\Work\\TapaYBusca\\backend\\src\\modules\\auth\\auth.validators.ts": {"path":"C:\\Work\\TapaYBusca\\backend\\src\\modules\\auth\\auth.validators.ts","statementMap":{"0":{"start":{"line":17,"column":2},"end":{"line":20,"column":null}},"1":{"start":{"line":24,"column":2},"end":{"line":24,"column":null}},"2":{"start":{"line":24,"column":30},"end":{"line":24,"column":null}},"3":{"start":{"line":25,"column":2},"end":{"line":27,"column":null}},"4":{"start":{"line":26,"column":4},"end":{"line":26,"column":null}},"5":{"start":{"line":28,"column":2},"end":{"line":28,"column":null}},"6":{"start":{"line":32,"column":2},"end":{"line":32,"column":null}},"7":{"start":{"line":32,"column":26},"end":{"line":32,"column":null}},"8":{"start":{"line":33,"column":18},"end":{"line":33,"column":null}},"9":{"start":{"line":34,"column":2},"end":{"line":36,"column":null}},"10":{"start":{"line":35,"column":4},"end":{"line":35,"column":null}},"11":{"start":{"line":37,"column":2},"end":{"line":37,"column":null}},"12":{"start":{"line":40,"column":40},"end":{"line":52,"column":null}},"13":{"start":{"line":43,"column":40},"end":{"line":43,"column":null}},"14":{"start":{"line":45,"column":8},"end":{"line":45,"column":null}},"15":{"start":{"line":46,"column":2},"end":{"line":46,"column":null}},"16":{"start":{"line":46,"column":18},"end":{"line":46,"column":null}},"17":{"start":{"line":48,"column":24},"end":{"line":48,"column":null}},"18":{"start":{"line":49,"column":2},"end":{"line":49,"column":null}},"19":{"start":{"line":49,"column":21},"end":{"line":49,"column":null}},"20":{"start":{"line":51,"column":2},"end":{"line":51,"column":null}},"21":{"start":{"line":54,"column":43},"end":{"line":69,"column":null}},"22":{"start":{"line":57,"column":43},"end":{"line":57,"column":null}},"23":{"start":{"line":59,"column":20},"end":{"line":59,"column":null}},"24":{"start":{"line":60,"column":2},"end":{"line":60,"column":null}},"25":{"start":{"line":60,"column":17},"end":{"line":60,"column":null}},"26":{"start":{"line":62,"column":8},"end":{"line":62,"column":null}},"27":{"start":{"line":63,"column":2},"end":{"line":63,"column":null}},"28":{"start":{"line":63,"column":18},"end":{"line":63,"column":null}},"29":{"start":{"line":65,"column":24},"end":{"line":65,"column":null}},"30":{"start":{"line":66,"column":2},"end":{"line":66,"column":null}},"31":{"start":{"line":66,"column":21},"end":{"line":66,"column":null}},"32":{"start":{"line":68,"column":2},"end":{"line":68,"column":null}}},"fnMap":{"0":{"name":"toValidationResult","decl":{"start":{"line":16,"column":9},"end":{"line":16,"column":74}},"loc":{"start":{"line":16,"column":106},"end":{"line":21,"column":null}},"line":16},"1":{"name":"validatePasswordLength","decl":{"start":{"line":23,"column":9},"end":{"line":23,"column":32}},"loc":{"start":{"line":23,"column":82},"end":{"line":29,"column":null}},"line":23},"2":{"name":"validateName","decl":{"start":{"line":31,"column":9},"end":{"line":31,"column":22}},"loc":{"start":{"line":31,"column":68},"end":{"line":38,"column":null}},"line":31},"3":{"name":"(anonymous_3)","decl":{"start":{"line":40,"column":40},"end":{"line":40,"column":null}},"loc":{"start":{"line":42,"column":46},"end":{"line":52,"column":null}},"line":42},"4":{"name":"(anonymous_4)","decl":{"start":{"line":54,"column":43},"end":{"line":54,"column":null}},"loc":{"start":{"line":56,"column":49},"end":{"line":69,"column":null}},"line":56}},"branchMap":{"0":{"loc":{"start":{"line":24,"column":2},"end":{"line":24,"column":null}},"type":"if","locations":[{"start":{"line":24,"column":2},"end":{"line":24,"column":null}},{"start":{},"end":{}}],"line":24},"1":{"loc":{"start":{"line":25,"column":2},"end":{"line":27,"column":null}},"type":"if","locations":[{"start":{"line":25,"column":2},"end":{"line":27,"column":null}},{"start":{},"end":{}}],"line":25},"2":{"loc":{"start":{"line":32,"column":2},"end":{"line":32,"column":null}},"type":"if","locations":[{"start":{"line":32,"column":2},"end":{"line":32,"column":null}},{"start":{},"end":{}}],"line":32},"3":{"loc":{"start":{"line":34,"column":2},"end":{"line":36,"column":null}},"type":"if","locations":[{"start":{"line":34,"column":2},"end":{"line":36,"column":null}},{"start":{},"end":{}}],"line":34},"4":{"loc":{"start":{"line":34,"column":6},"end":{"line":34,"column":52}},"type":"binary-expr","locations":[{"start":{"line":34,"column":6},"end":{"line":34,"column":18}},{"start":{"line":34,"column":18},"end":{"line":34,"column":52}}],"line":34},"5":{"loc":{"start":{"line":46,"column":2},"end":{"line":46,"column":null}},"type":"if","locations":[{"start":{"line":46,"column":2},"end":{"line":46,"column":null}},{"start":{},"end":{}}],"line":46},"6":{"loc":{"start":{"line":49,"column":2},"end":{"line":49,"column":null}},"type":"if","locations":[{"start":{"line":49,"column":2},"end":{"line":49,"column":null}},{"start":{},"end":{}}],"line":49},"7":{"loc":{"start":{"line":60,"column":2},"end":{"line":60,"column":null}},"type":"if","locations":[{"start":{"line":60,"column":2},"end":{"line":60,"column":null}},{"start":{},"end":{}}],"line":60},"8":{"loc":{"start":{"line":63,"column":2},"end":{"line":63,"column":null}},"type":"if","locations":[{"start":{"line":63,"column":2},"end":{"line":63,"column":null}},{"start":{},"end":{}}],"line":63},"9":{"loc":{"start":{"line":66,"column":2},"end":{"line":66,"column":null}},"type":"if","locations":[{"start":{"line":66,"column":2},"end":{"line":66,"column":null}},{"start":{},"end":{}}],"line":66}},"s":{"0":12,"1":12,"2":0,"3":12,"4":2,"5":10,"6":6,"7":1,"8":5,"9":5,"10":1,"11":4,"12":4,"13":6,"14":6,"15":6,"16":2,"17":6,"18":6,"19":1,"20":6,"21":4,"22":6,"23":6,"24":6,"25":1,"26":6,"27":6,"28":1,"29":6,"30":6,"31":1,"32":6},"f":{"0":12,"1":12,"2":6,"3":6,"4":6},"b":{"0":[0,12],"1":[2,10],"2":[1,5],"3":[1,4],"4":[5,5],"5":[2,4],"6":[1,5],"7":[1,5],"8":[1,5],"9":[1,5]},"meta":{"lastBranch":10,"lastFunction":5,"lastStatement":33,"seen":{"f:16:9:16:74":0,"s:17:2:20:Infinity":0,"f:23:9:23:32":1,"b:24:2:24:Infinity:undefined:undefined:undefined:undefined":0,"s:24:2:24:Infinity":1,"s:24:30:24:Infinity":2,"b:25:2:27:Infinity:undefined:undefined:undefined:undefined":1,"s:25:2:27:Infinity":3,"s:26:4:26:Infinity":4,"s:28:2:28:Infinity":5,"f:31:9:31:22":2,"b:32:2:32:Infinity:undefined:undefined:undefined:undefined":2,"s:32:2:32:Infinity":6,"s:32:26:32:Infinity":7,"s:33:18:33:Infinity":8,"b:34:2:36:Infinity:undefined:undefined:undefined:undefined":3,"s:34:2:36:Infinity":9,"b:34:6:34:18:34:18:34:52":4,"s:35:4:35:Infinity":10,"s:37:2:37:Infinity":11,"s:40:40:52:Infinity":12,"f:40:40:40:Infinity":3,"s:43:40:43:Infinity":13,"s:45:8:45:Infinity":14,"b:46:2:46:Infinity:undefined:undefined:undefined:undefined":5,"s:46:2:46:Infinity":15,"s:46:18:46:Infinity":16,"s:48:24:48:Infinity":17,"b:49:2:49:Infinity:undefined:undefined:undefined:undefined":6,"s:49:2:49:Infinity":18,"s:49:21:49:Infinity":19,"s:51:2:51:Infinity":20,"s:54:43:69:Infinity":21,"f:54:43:54:Infinity":4,"s:57:43:57:Infinity":22,"s:59:20:59:Infinity":23,"b:60:2:60:Infinity:undefined:undefined:undefined:undefined":7,"s:60:2:60:Infinity":24,"s:60:17:60:Infinity":25,"s:62:8:62:Infinity":26,"b:63:2:63:Infinity:undefined:undefined:undefined:undefined":8,"s:63:2:63:Infinity":27,"s:63:18:63:Infinity":28,"s:65:24:65:Infinity":29,"b:66:2:66:Infinity:undefined:undefined:undefined:undefined":9,"s:66:2:66:Infinity":30,"s:66:21:66:Infinity":31,"s:68:2:68:Infinity":32}}}
,"C:\\Work\\TapaYBusca\\backend\\src\\modules\\auth\\password-reset\\passwordReset.controller.ts": {"path":"C:\\Work\\TapaYBusca\\backend\\src\\modules\\auth\\password-reset\\passwordReset.controller.ts","statementMap":{"0":{"start":{"line":5,"column":38},"end":{"line":5,"column":null}},"1":{"start":{"line":6,"column":37},"end":{"line":6,"column":null}},"2":{"start":{"line":11,"column":19},"end":{"line":21,"column":null}},"3":{"start":{"line":23,"column":18},"end":{"line":33,"column":null}},"4":{"start":{"line":9,"column":22},"end":{"line":9,"column":66}},"5":{"start":{"line":12,"column":4},"end":{"line":20,"column":null}},"6":{"start":{"line":13,"column":19},"end":{"line":13,"column":null}},"7":{"start":{"line":14,"column":21},"end":{"line":14,"column":null}},"8":{"start":{"line":15,"column":6},"end":{"line":15,"column":null}},"9":{"start":{"line":17,"column":6},"end":{"line":19,"column":null}},"10":{"start":{"line":24,"column":4},"end":{"line":32,"column":null}},"11":{"start":{"line":25,"column":19},"end":{"line":25,"column":null}},"12":{"start":{"line":26,"column":21},"end":{"line":26,"column":null}},"13":{"start":{"line":27,"column":6},"end":{"line":27,"column":null}},"14":{"start":{"line":29,"column":6},"end":{"line":31,"column":null}}},"fnMap":{"0":{"name":"(anonymous_0)","decl":{"start":{"line":9,"column":2},"end":{"line":9,"column":22}},"loc":{"start":{"line":9,"column":66},"end":{"line":9,"column":null}},"line":9},"1":{"name":"(anonymous_1)","decl":{"start":{"line":11,"column":19},"end":{"line":11,"column":26}},"loc":{"start":{"line":11,"column":73},"end":{"line":21,"column":null}},"line":11},"2":{"name":"(anonymous_2)","decl":{"start":{"line":23,"column":18},"end":{"line":23,"column":25}},"loc":{"start":{"line":23,"column":72},"end":{"line":33,"column":null}},"line":23}},"branchMap":{"0":{"loc":{"start":{"line":17,"column":17},"end":{"line":17,"column":51}},"type":"cond-expr","locations":[{"start":{"line":17,"column":42},"end":{"line":17,"column":48}},{"start":{"line":17,"column":48},"end":{"line":17,"column":51}}],"line":17},"1":{"loc":{"start":{"line":18,"column":15},"end":{"line":18,"column":null}},"type":"cond-expr","locations":[{"start":{"line":18,"column":40},"end":{"line":18,"column":56}},{"start":{"line":18,"column":56},"end":{"line":18,"column":null}}],"line":18},"2":{"loc":{"start":{"line":29,"column":17},"end":{"line":29,"column":51}},"type":"cond-expr","locations":[{"start":{"line":29,"column":42},"end":{"line":29,"column":48}},{"start":{"line":29,"column":48},"end":{"line":29,"column":51}}],"line":29},"3":{"loc":{"start":{"line":30,"column":15},"end":{"line":30,"column":null}},"type":"cond-expr","locations":[{"start":{"line":30,"column":40},"end":{"line":30,"column":56}},{"start":{"line":30,"column":56},"end":{"line":30,"column":null}}],"line":30}},"s":{"0":4,"1":4,"2":4,"3":6,"4":4,"5":4,"6":4,"7":4,"8":2,"9":2,"10":6,"11":6,"12":6,"13":1,"14":5},"f":{"0":4,"1":4,"2":6},"b":{"0":[2,0],"1":[2,0],"2":[5,0],"3":[5,0]},"meta":{"lastBranch":4,"lastFunction":3,"lastStatement":15,"seen":{"s:5:38:5:Infinity":0,"s:6:37:6:Infinity":1,"s:11:19:21:Infinity":2,"s:23:18:33:Infinity":3,"f:9:2:9:22":0,"s:9:22:9:66":4,"f:11:19:11:26":1,"s:12:4:20:Infinity":5,"s:13:19:13:Infinity":6,"s:14:21:14:Infinity":7,"s:15:6:15:Infinity":8,"s:17:6:19:Infinity":9,"b:17:42:17:48:17:48:17:51":0,"b:18:40:18:56:18:56:18:Infinity":1,"f:23:18:23:25":2,"s:24:4:32:Infinity":10,"s:25:19:25:Infinity":11,"s:26:21:26:Infinity":12,"s:27:6:27:Infinity":13,"s:29:6:31:Infinity":14,"b:29:42:29:48:29:48:29:51":2,"b:30:40:30:56:30:56:30:Infinity":3}}}
,"C:\\Work\\TapaYBusca\\backend\\src\\modules\\auth\\password-reset\\passwordReset.repository.ts": {"path":"C:\\Work\\TapaYBusca\\backend\\src\\modules\\auth\\password-reset\\passwordReset.repository.ts","statementMap":{"0":{"start":{"line":7,"column":4},"end":{"line":10,"column":null}},"1":{"start":{"line":19,"column":4},"end":{"line":19,"column":null}},"2":{"start":{"line":20,"column":4},"end":{"line":26,"column":null}},"3":{"start":{"line":34,"column":4},"end":{"line":43,"column":null}},"4":{"start":{"line":35,"column":20},"end":{"line":35,"column":null}},"5":{"start":{"line":36,"column":6},"end":{"line":36,"column":null}},"6":{"start":{"line":36,"column":18},"end":{"line":36,"column":null}},"7":{"start":{"line":38,"column":6},"end":{"line":38,"column":null}},"8":{"start":{"line":39,"column":6},"end":{"line":39,"column":null}},"9":{"start":{"line":40,"column":6},"end":{"line":40,"column":null}},"10":{"start":{"line":42,"column":6},"end":{"line":42,"column":null}},"11":{"start":{"line":50,"column":4},"end":{"line":57,"column":null}},"12":{"start":{"line":65,"column":4},"end":{"line":68,"column":null}},"13":{"start":{"line":76,"column":4},"end":{"line":79,"column":null}},"14":{"start":{"line":87,"column":4},"end":{"line":90,"column":null}}},"fnMap":{"0":{"name":"(anonymous_0)","decl":{"start":{"line":6,"column":8},"end":{"line":6,"column":41}},"loc":{"start":{"line":6,"column":86},"end":{"line":11,"column":null}},"line":6},"1":{"name":"(anonymous_1)","decl":{"start":{"line":13,"column":8},"end":{"line":13,"column":20}},"loc":{"start":{"line":18,"column":20},"end":{"line":27,"column":null}},"line":18},"2":{"name":"(anonymous_2)","decl":{"start":{"line":29,"column":8},"end":{"line":29,"column":31}},"loc":{"start":{"line":33,"column":23},"end":{"line":44,"column":null}},"line":33},"3":{"name":"(anonymous_3)","decl":{"start":{"line":34,"column":31},"end":{"line":34,"column":38}},"loc":{"start":{"line":34,"column":45},"end":{"line":43,"column":5}},"line":34},"4":{"name":"(anonymous_4)","decl":{"start":{"line":46,"column":16},"end":{"line":46,"column":null}},"loc":{"start":{"line":49,"column":52},"end":{"line":58,"column":null}},"line":49},"5":{"name":"(anonymous_5)","decl":{"start":{"line":60,"column":16},"end":{"line":60,"column":null}},"loc":{"start":{"line":64,"column":19},"end":{"line":69,"column":null}},"line":64},"6":{"name":"(anonymous_6)","decl":{"start":{"line":71,"column":16},"end":{"line":71,"column":null}},"loc":{"start":{"line":75,"column":19},"end":{"line":80,"column":null}},"line":75},"7":{"name":"(anonymous_7)","decl":{"start":{"line":82,"column":16},"end":{"line":82,"column":null}},"loc":{"start":{"line":86,"column":19},"end":{"line":91,"column":null}},"line":86}},"branchMap":{"0":{"loc":{"start":{"line":36,"column":6},"end":{"line":36,"column":null}},"type":"if","locations":[{"start":{"line":36,"column":6},"end":{"line":36,"column":null}},{"start":{},"end":{}}],"line":36}},"s":{"0":0,"1":0,"2":0,"3":0,"4":0,"5":0,"6":0,"7":0,"8":0,"9":0,"10":0,"11":0,"12":0,"13":0,"14":0},"f":{"0":0,"1":0,"2":0,"3":0,"4":0,"5":0,"6":0,"7":0},"b":{"0":[0,0]},"meta":{"lastBranch":1,"lastFunction":8,"lastStatement":15,"seen":{"f:6:8:6:41":0,"s:7:4:10:Infinity":0,"f:13:8:13:20":1,"s:19:4:19:Infinity":1,"s:20:4:26:Infinity":2,"f:29:8:29:31":2,"s:34:4:43:Infinity":3,"f:34:31:34:38":3,"s:35:20:35:Infinity":4,"b:36:6:36:Infinity:undefined:undefined:undefined:undefined":0,"s:36:6:36:Infinity":5,"s:36:18:36:Infinity":6,"s:38:6:38:Infinity":7,"s:39:6:39:Infinity":8,"s:40:6:40:Infinity":9,"s:42:6:42:Infinity":10,"f:46:16:46:Infinity":4,"s:50:4:57:Infinity":11,"f:60:16:60:Infinity":5,"s:65:4:68:Infinity":12,"f:71:16:71:Infinity":6,"s:76:4:79:Infinity":13,"f:82:16:82:Infinity":7,"s:87:4:90:Infinity":14}}}
,"C:\\Work\\TapaYBusca\\backend\\src\\modules\\auth\\password-reset\\passwordReset.service.ts": {"path":"C:\\Work\\TapaYBusca\\backend\\src\\modules\\auth\\password-reset\\passwordReset.service.ts","statementMap":{"0":{"start":{"line":16,"column":2},"end":{"line":16,"column":null}},"1":{"start":{"line":17,"column":45},"end":{"line":17,"column":null}},"2":{"start":{"line":18,"column":39},"end":{"line":18,"column":null}},"3":{"start":{"line":19,"column":32},"end":{"line":19,"column":null}},"4":{"start":{"line":23,"column":12},"end":{"line":23,"column":null}},"5":{"start":{"line":24,"column":12},"end":{"line":24,"column":null}},"6":{"start":{"line":25,"column":12},"end":{"line":25,"column":null}},"7":{"start":{"line":29,"column":4},"end":{"line":29,"column":null}},"8":{"start":{"line":30,"column":17},"end":{"line":30,"column":null}},"9":{"start":{"line":31,"column":4},"end":{"line":33,"column":null}},"10":{"start":{"line":32,"column":6},"end":{"line":32,"column":null}},"11":{"start":{"line":35,"column":16},"end":{"line":35,"column":null}},"12":{"start":{"line":36,"column":22},"end":{"line":36,"column":null}},"13":{"start":{"line":37,"column":18},"end":{"line":37,"column":null}},"14":{"start":{"line":38,"column":22},"end":{"line":38,"column":null}},"15":{"start":{"line":40,"column":4},"end":{"line":40,"column":null}},"16":{"start":{"line":42,"column":21},"end":{"line":42,"column":null}},"17":{"start":{"line":43,"column":4},"end":{"line":43,"column":null}},"18":{"start":{"line":45,"column":4},"end":{"line":45,"column":null}},"19":{"start":{"line":49,"column":4},"end":{"line":49,"column":null}},"20":{"start":{"line":51,"column":16},"end":{"line":51,"column":null}},"21":{"start":{"line":52,"column":22},"end":{"line":52,"column":null}},"22":{"start":{"line":53,"column":28},"end":{"line":53,"column":null}},"23":{"start":{"line":55,"column":20},"end":{"line":59,"column":null}},"24":{"start":{"line":61,"column":4},"end":{"line":61,"column":null}},"25":{"start":{"line":61,"column":18},"end":{"line":61,"column":null}},"26":{"start":{"line":63,"column":4},"end":{"line":63,"column":null}},"27":{"start":{"line":67,"column":18},"end":{"line":67,"column":null}},"28":{"start":{"line":68,"column":4},"end":{"line":68,"column":null}},"29":{"start":{"line":72,"column":4},"end":{"line":72,"column":null}},"30":{"start":{"line":76,"column":4},"end":{"line":76,"column":null}},"31":{"start":{"line":80,"column":4},"end":{"line":80,"column":null}},"32":{"start":{"line":84,"column":4},"end":{"line":94,"column":null}},"33":{"start":{"line":91,"column":24},"end":{"line":91,"column":null}},"34":{"start":{"line":92,"column":25},"end":{"line":92,"column":null}},"35":{"start":{"line":93,"column":8},"end":{"line":93,"column":null}}},"fnMap":{"0":{"name":"(anonymous_0)","decl":{"start":{"line":22,"column":2},"end":{"line":22,"column":null}},"loc":{"start":{"line":26,"column":4},"end":{"line":26,"column":null}},"line":26},"1":{"name":"(anonymous_1)","decl":{"start":{"line":28,"column":8},"end":{"line":28,"column":29}},"loc":{"start":{"line":28,"column":97},"end":{"line":46,"column":null}},"line":28},"2":{"name":"(anonymous_2)","decl":{"start":{"line":48,"column":8},"end":{"line":48,"column":22}},"loc":{"start":{"line":48,"column":89},"end":{"line":64,"column":null}},"line":48},"3":{"name":"(anonymous_3)","decl":{"start":{"line":66,"column":10},"end":{"line":66,"column":23}},"loc":{"start":{"line":66,"column":41},"end":{"line":69,"column":null}},"line":66},"4":{"name":"(anonymous_4)","decl":{"start":{"line":71,"column":10},"end":{"line":71,"column":20}},"loc":{"start":{"line":71,"column":43},"end":{"line":73,"column":null}},"line":71},"5":{"name":"(anonymous_5)","decl":{"start":{"line":75,"column":10},"end":{"line":75,"column":34}},"loc":{"start":{"line":75,"column":34},"end":{"line":77,"column":null}},"line":75},"6":{"name":"(anonymous_6)","decl":{"start":{"line":79,"column":10},"end":{"line":79,"column":24}},"loc":{"start":{"line":79,"column":47},"end":{"line":81,"column":null}},"line":79},"7":{"name":"(anonymous_7)","decl":{"start":{"line":83,"column":10},"end":{"line":83,"column":28}},"loc":{"start":{"line":83,"column":64},"end":{"line":95,"column":null}},"line":83},"8":{"name":"(anonymous_8)","decl":{"start":{"line":90,"column":13},"end":{"line":90,"column":14}},"loc":{"start":{"line":90,"column":24},"end":{"line":94,"column":7}},"line":90}},"branchMap":{"0":{"loc":{"start":{"line":31,"column":4},"end":{"line":33,"column":null}},"type":"if","locations":[{"start":{"line":31,"column":4},"end":{"line":33,"column":null}},{"start":{},"end":{}}],"line":31},"1":{"loc":{"start":{"line":61,"column":4},"end":{"line":61,"column":null}},"type":"if","locations":[{"start":{"line":61,"column":4},"end":{"line":61,"column":null}},{"start":{},"end":{}}],"line":61},"2":{"loc":{"start":{"line":91,"column":24},"end":{"line":91,"column":null}},"type":"binary-expr","locations":[{"start":{"line":91,"column":24},"end":{"line":91,"column":42}},{"start":{"line":91,"column":42},"end":{"line":91,"column":null}}],"line":91},"3":{"loc":{"start":{"line":92,"column":25},"end":{"line":92,"column":null}},"type":"binary-expr","locations":[{"start":{"line":92,"column":25},"end":{"line":92,"column":44}},{"start":{"line":92,"column":44},"end":{"line":92,"column":null}}],"line":92},"4":{"loc":{"start":{"line":93,"column":74},"end":{"line":93,"column":123}},"type":"cond-expr","locations":[{"start":{"line":93,"column":85},"end":{"line":93,"column":121}},{"start":{"line":93,"column":121},"end":{"line":93,"column":123}}],"line":93}},"s":{"0":4,"1":4,"2":4,"3":4,"4":4,"5":4,"6":4,"7":4,"8":4,"9":2,"10":1,"11":1,"12":1,"13":1,"14":1,"15":1,"16":1,"17":1,"18":1,"19":6,"20":6,"21":6,"22":6,"23":2,"24":2,"25":1,"26":1,"27":1,"28":1,"29":3,"30":1,"31":1,"32":1,"33":0,"34":0,"35":0},"f":{"0":4,"1":4,"2":6,"3":1,"4":3,"5":1,"6":1,"7":1,"8":0},"b":{"0":[1,1],"1":[1,1],"2":[0,0],"3":[0,0],"4":[0,0]},"meta":{"lastBranch":5,"lastFunction":9,"lastStatement":36,"seen":{"s:16:2:16:Infinity":0,"s:17:45:17:Infinity":1,"s:18:39:18:Infinity":2,"s:19:32:19:Infinity":3,"f:22:2:22:Infinity":0,"s:23:12:23:Infinity":4,"s:24:12:24:Infinity":5,"s:25:12:25:Infinity":6,"f:28:8:28:29":1,"s:29:4:29:Infinity":7,"s:30:17:30:Infinity":8,"b:31:4:33:Infinity:undefined:undefined:undefined:undefined":0,"s:31:4:33:Infinity":9,"s:32:6:32:Infinity":10,"s:35:16:35:Infinity":11,"s:36:22:36:Infinity":12,"s:37:18:37:Infinity":13,"s:38:22:38:Infinity":14,"s:40:4:40:Infinity":15,"s:42:21:42:Infinity":16,"s:43:4:43:Infinity":17,"s:45:4:45:Infinity":18,"f:48:8:48:22":2,"s:49:4:49:Infinity":19,"s:51:16:51:Infinity":20,"s:52:22:52:Infinity":21,"s:53:28:53:Infinity":22,"s:55:20:59:Infinity":23,"b:61:4:61:Infinity:undefined:undefined:undefined:undefined":1,"s:61:4:61:Infinity":24,"s:61:18:61:Infinity":25,"s:63:4:63:Infinity":26,"f:66:10:66:23":3,"s:67:18:67:Infinity":27,"s:68:4:68:Infinity":28,"f:71:10:71:20":4,"s:72:4:72:Infinity":29,"f:75:10:75:34":5,"s:76:4:76:Infinity":30,"f:79:10:79:24":6,"s:80:4:80:Infinity":31,"f:83:10:83:28":7,"s:84:4:94:Infinity":32,"f:90:13:90:14":8,"s:91:24:91:Infinity":33,"b:91:24:91:42:91:42:91:Infinity":2,"s:92:25:92:Infinity":34,"b:92:25:92:44:92:44:92:Infinity":3,"s:93:8:93:Infinity":35,"b:93:85:93:121:93:121:93:123":4}}}
,"C:\\Work\\TapaYBusca\\backend\\src\\modules\\auth\\password-reset\\passwordReset.types.ts": {"path":"C:\\Work\\TapaYBusca\\backend\\src\\modules\\auth\\password-reset\\passwordReset.types.ts","statementMap":{},"fnMap":{},"branchMap":{},"s":{},"f":{},"b":{},"meta":{"lastBranch":0,"lastFunction":0,"lastStatement":0,"seen":{}}}
,"C:\\Work\\TapaYBusca\\backend\\src\\modules\\auth\\password-reset\\passwordReset.validators.ts": {"path":"C:\\Work\\TapaYBusca\\backend\\src\\modules\\auth\\password-reset\\passwordReset.validators.ts","statementMap":{"0":{"start":{"line":19,"column":2},"end":{"line":22,"column":null}},"1":{"start":{"line":28,"column":49},"end":{"line":28,"column":null}},"2":{"start":{"line":29,"column":8},"end":{"line":29,"column":null}},"3":{"start":{"line":30,"column":2},"end":{"line":30,"column":null}},"4":{"start":{"line":30,"column":18},"end":{"line":30,"column":null}},"5":{"start":{"line":31,"column":2},"end":{"line":31,"column":null}},"6":{"start":{"line":37,"column":48},"end":{"line":37,"column":null}},"7":{"start":{"line":38,"column":2},"end":{"line":38,"column":null}},"8":{"start":{"line":38,"column":27},"end":{"line":38,"column":null}},"9":{"start":{"line":39,"column":2},"end":{"line":42,"column":null}},"10":{"start":{"line":39,"column":25},"end":{"line":39,"column":null}},"11":{"start":{"line":39,"column":46},"end":{"line":42,"column":null}},"12":{"start":{"line":41,"column":4},"end":{"line":41,"column":null}},"13":{"start":{"line":43,"column":2},"end":{"line":43,"column":null}}},"fnMap":{"0":{"name":"toValidationResult","decl":{"start":{"line":16,"column":9},"end":{"line":16,"column":null}},"loc":{"start":{"line":18,"column":23},"end":{"line":23,"column":null}},"line":18},"1":{"name":"validateForgotPasswordBody","decl":{"start":{"line":25,"column":16},"end":{"line":25,"column":null}},"loc":{"start":{"line":27,"column":52},"end":{"line":32,"column":null}},"line":27},"2":{"name":"validateResetPasswordBody","decl":{"start":{"line":34,"column":16},"end":{"line":34,"column":null}},"loc":{"start":{"line":36,"column":51},"end":{"line":44,"column":null}},"line":36}},"branchMap":{"0":{"loc":{"start":{"line":30,"column":2},"end":{"line":30,"column":null}},"type":"if","locations":[{"start":{"line":30,"column":2},"end":{"line":30,"column":null}},{"start":{},"end":{}}],"line":30},"1":{"loc":{"start":{"line":38,"column":2},"end":{"line":38,"column":null}},"type":"if","locations":[{"start":{"line":38,"column":2},"end":{"line":38,"column":null}},{"start":{},"end":{}}],"line":38},"2":{"loc":{"start":{"line":39,"column":2},"end":{"line":42,"column":null}},"type":"if","locations":[{"start":{"line":39,"column":2},"end":{"line":42,"column":null}},{"start":{"line":39,"column":46},"end":{"line":42,"column":null}}],"line":39},"3":{"loc":{"start":{"line":39,"column":46},"end":{"line":42,"column":null}},"type":"if","locations":[{"start":{"line":39,"column":46},"end":{"line":42,"column":null}},{"start":{},"end":{}}],"line":39}},"s":{"0":10,"1":4,"2":4,"3":4,"4":2,"5":4,"6":6,"7":6,"8":2,"9":6,"10":1,"11":5,"12":1,"13":6},"f":{"0":10,"1":4,"2":6},"b":{"0":[2,2],"1":[2,4],"2":[1,5],"3":[1,4]},"meta":{"lastBranch":4,"lastFunction":3,"lastStatement":14,"seen":{"f:16:9:16:Infinity":0,"s:19:2:22:Infinity":0,"f:25:16:25:Infinity":1,"s:28:49:28:Infinity":1,"s:29:8:29:Infinity":2,"b:30:2:30:Infinity:undefined:undefined:undefined:undefined":0,"s:30:2:30:Infinity":3,"s:30:18:30:Infinity":4,"s:31:2:31:Infinity":5,"f:34:16:34:Infinity":2,"s:37:48:37:Infinity":6,"b:38:2:38:Infinity:undefined:undefined:undefined:undefined":1,"s:38:2:38:Infinity":7,"s:38:27:38:Infinity":8,"b:39:2:42:Infinity:39:46:42:Infinity":2,"s:39:2:42:Infinity":9,"s:39:25:39:Infinity":10,"b:39:46:42:Infinity:undefined:undefined:undefined:undefined":3,"s:39:46:42:Infinity":11,"s:41:4:41:Infinity":12,"s:43:2:43:Infinity":13}}}
,"C:\\Work\\TapaYBusca\\backend\\src\\modules\\equations\\equation.controller.ts": {"path":"C:\\Work\\TapaYBusca\\backend\\src\\modules\\equations\\equation.controller.ts","statementMap":{"0":{"start":{"line":12,"column":22},"end":{"line":12,"column":null}},"1":{"start":{"line":13,"column":23},"end":{"line":13,"column":null}},"2":{"start":{"line":15,"column":21},"end":{"line":15,"column":null}},"3":{"start":{"line":16,"column":22},"end":{"line":16,"column":null}},"4":{"start":{"line":17,"column":18},"end":{"line":17,"column":null}},"5":{"start":{"line":19,"column":28},"end":{"line":19,"column":null}},"6":{"start":{"line":20,"column":33},"end":{"line":20,"column":null}},"7":{"start":{"line":21,"column":27},"end":{"line":21,"column":null}},"8":{"start":{"line":22,"column":30},"end":{"line":22,"column":null}},"9":{"start":{"line":23,"column":30},"end":{"line":23,"column":null}},"10":{"start":{"line":24,"column":30},"end":{"line":24,"column":null}},"11":{"start":{"line":25,"column":29},"end":{"line":25,"column":null}},"12":{"start":{"line":26,"column":31},"end":{"line":26,"column":null}},"13":{"start":{"line":27,"column":33},"end":{"line":27,"column":null}},"14":{"start":{"line":28,"column":25},"end":{"line":28,"column":null}},"15":{"start":{"line":29,"column":33},"end":{"line":29,"column":null}},"16":{"start":{"line":34,"column":23},"end":{"line":56,"column":null}},"17":{"start":{"line":58,"column":20},"end":{"line":84,"column":null}},"18":{"start":{"line":86,"column":17},"end":{"line":96,"column":null}},"19":{"start":{"line":98,"column":20},"end":{"line":109,"column":null}},"20":{"start":{"line":111,"column":22},"end":{"line":122,"column":null}},"21":{"start":{"line":124,"column":20},"end":{"line":138,"column":null}},"22":{"start":{"line":140,"column":19},"end":{"line":154,"column":null}},"23":{"start":{"line":156,"column":19},"end":{"line":169,"column":null}},"24":{"start":{"line":171,"column":19},"end":{"line":183,"column":null}},"25":{"start":{"line":32,"column":22},"end":{"line":32,"column":56}},"26":{"start":{"line":35,"column":4},"end":{"line":55,"column":null}},"27":{"start":{"line":36,"column":30},"end":{"line":36,"column":null}},"28":{"start":{"line":37,"column":23},"end":{"line":37,"column":null}},"29":{"start":{"line":38,"column":26},"end":{"line":38,"column":null}},"30":{"start":{"line":39,"column":6},"end":{"line":42,"column":null}},"31":{"start":{"line":40,"column":8},"end":{"line":40,"column":null}},"32":{"start":{"line":41,"column":8},"end":{"line":41,"column":null}},"33":{"start":{"line":43,"column":21},"end":{"line":49,"column":null}},"34":{"start":{"line":50,"column":6},"end":{"line":50,"column":null}},"35":{"start":{"line":52,"column":6},"end":{"line":54,"column":null}},"36":{"start":{"line":59,"column":4},"end":{"line":83,"column":null}},"37":{"start":{"line":60,"column":21},"end":{"line":60,"column":null}},"38":{"start":{"line":61,"column":30},"end":{"line":61,"column":null}},"39":{"start":{"line":62,"column":22},"end":{"line":62,"column":null}},"40":{"start":{"line":63,"column":23},"end":{"line":63,"column":null}},"41":{"start":{"line":64,"column":26},"end":{"line":64,"column":null}},"42":{"start":{"line":65,"column":6},"end":{"line":68,"column":null}},"43":{"start":{"line":66,"column":8},"end":{"line":66,"column":null}},"44":{"start":{"line":67,"column":8},"end":{"line":67,"column":null}},"45":{"start":{"line":69,"column":21},"end":{"line":77,"column":null}},"46":{"start":{"line":78,"column":6},"end":{"line":78,"column":null}},"47":{"start":{"line":80,"column":6},"end":{"line":82,"column":null}},"48":{"start":{"line":87,"column":4},"end":{"line":95,"column":null}},"49":{"start":{"line":88,"column":21},"end":{"line":88,"column":null}},"50":{"start":{"line":89,"column":21},"end":{"line":89,"column":null}},"51":{"start":{"line":90,"column":6},"end":{"line":90,"column":null}},"52":{"start":{"line":92,"column":6},"end":{"line":94,"column":null}},"53":{"start":{"line":99,"column":4},"end":{"line":108,"column":null}},"54":{"start":{"line":100,"column":21},"end":{"line":100,"column":null}},"55":{"start":{"line":101,"column":30},"end":{"line":101,"column":null}},"56":{"start":{"line":102,"column":6},"end":{"line":102,"column":null}},"57":{"start":{"line":103,"column":6},"end":{"line":103,"column":null}},"58":{"start":{"line":105,"column":6},"end":{"line":107,"column":null}},"59":{"start":{"line":112,"column":4},"end":{"line":121,"column":null}},"60":{"start":{"line":113,"column":21},"end":{"line":113,"column":null}},"61":{"start":{"line":114,"column":18},"end":{"line":114,"column":null}},"62":{"start":{"line":115,"column":21},"end":{"line":115,"column":null}},"63":{"start":{"line":116,"column":6},"end":{"line":116,"column":null}},"64":{"start":{"line":118,"column":6},"end":{"line":120,"column":null}},"65":{"start":{"line":125,"column":4},"end":{"line":137,"column":null}},"66":{"start":{"line":126,"column":21},"end":{"line":126,"column":null}},"67":{"start":{"line":127,"column":23},"end":{"line":127,"column":null}},"68":{"start":{"line":128,"column":6},"end":{"line":131,"column":null}},"69":{"start":{"line":129,"column":8},"end":{"line":129,"column":null}},"70":{"start":{"line":130,"column":8},"end":{"line":130,"column":null}},"71":{"start":{"line":132,"column":6},"end":{"line":132,"column":null}},"72":{"start":{"line":134,"column":6},"end":{"line":136,"column":null}},"73":{"start":{"line":141,"column":4},"end":{"line":153,"column":null}},"74":{"start":{"line":142,"column":21},"end":{"line":142,"column":null}},"75":{"start":{"line":143,"column":38},"end":{"line":146,"column":null}},"76":{"start":{"line":147,"column":23},"end":{"line":147,"column":null}},"77":{"start":{"line":148,"column":6},"end":{"line":148,"column":null}},"78":{"start":{"line":150,"column":6},"end":{"line":152,"column":null}},"79":{"start":{"line":157,"column":4},"end":{"line":168,"column":null}},"80":{"start":{"line":158,"column":21},"end":{"line":158,"column":null}},"81":{"start":{"line":159,"column":21},"end":{"line":159,"column":null}},"82":{"start":{"line":160,"column":42},"end":{"line":160,"column":null}},"83":{"start":{"line":161,"column":23},"end":{"line":161,"column":null}},"84":{"start":{"line":162,"column":6},"end":{"line":162,"column":null}},"85":{"start":{"line":164,"column":21},"end":{"line":164,"column":null}},"86":{"start":{"line":165,"column":6},"end":{"line":167,"column":null}},"87":{"start":{"line":172,"column":4},"end":{"line":182,"column":null}},"88":{"start":{"line":173,"column":21},"end":{"line":173,"column":null}},"89":{"start":{"line":174,"column":21},"end":{"line":174,"column":null}},"90":{"start":{"line":175,"column":6},"end":{"line":175,"column":null}},"91":{"start":{"line":176,"column":6},"end":{"line":176,"column":null}},"92":{"start":{"line":178,"column":21},"end":{"line":178,"column":null}},"93":{"start":{"line":179,"column":6},"end":{"line":181,"column":null}},"94":{"start":{"line":188,"column":17},"end":{"line":188,"column":null}},"95":{"start":{"line":189,"column":18},"end":{"line":192,"column":null}},"96":{"start":{"line":193,"column":4},"end":{"line":193,"column":null}},"97":{"start":{"line":197,"column":16},"end":{"line":197,"column":null}},"98":{"start":{"line":198,"column":4},"end":{"line":198,"column":null}},"99":{"start":{"line":198,"column":41},"end":{"line":198,"column":null}},"100":{"start":{"line":199,"column":19},"end":{"line":199,"column":null}},"101":{"start":{"line":200,"column":19},"end":{"line":203,"column":null}},"102":{"start":{"line":201,"column":34},"end":{"line":201,"column":55}},"103":{"start":{"line":202,"column":22},"end":{"line":202,"column":55}},"104":{"start":{"line":202,"column":46},"end":{"line":202,"column":54}},"105":{"start":{"line":203,"column":21},"end":{"line":203,"column":41}},"106":{"start":{"line":204,"column":4},"end":{"line":204,"column":null}},"107":{"start":{"line":208,"column":16},"end":{"line":208,"column":null}},"108":{"start":{"line":209,"column":4},"end":{"line":209,"column":null}},"109":{"start":{"line":209,"column":41},"end":{"line":209,"column":null}},"110":{"start":{"line":210,"column":19},"end":{"line":210,"column":null}},"111":{"start":{"line":211,"column":19},"end":{"line":214,"column":null}},"112":{"start":{"line":212,"column":34},"end":{"line":212,"column":55}},"113":{"start":{"line":213,"column":22},"end":{"line":213,"column":55}},"114":{"start":{"line":213,"column":46},"end":{"line":213,"column":54}},"115":{"start":{"line":214,"column":21},"end":{"line":214,"column":42}},"116":{"start":{"line":215,"column":4},"end":{"line":215,"column":null}},"117":{"start":{"line":219,"column":4},"end":{"line":219,"column":null}},"118":{"start":{"line":219,"column":63},"end":{"line":219,"column":null}},"119":{"start":{"line":220,"column":16},"end":{"line":220,"column":null}},"120":{"start":{"line":221,"column":4},"end":{"line":221,"column":null}},"121":{"start":{"line":221,"column":14},"end":{"line":221,"column":null}},"122":{"start":{"line":222,"column":17},"end":{"line":222,"column":null}},"123":{"start":{"line":223,"column":4},"end":{"line":223,"column":null}},"124":{"start":{"line":229,"column":21},"end":{"line":229,"column":null}},"125":{"start":{"line":230,"column":19},"end":{"line":230,"column":null}},"126":{"start":{"line":231,"column":4},"end":{"line":233,"column":null}},"127":{"start":{"line":232,"column":6},"end":{"line":232,"column":null}},"128":{"start":{"line":234,"column":4},"end":{"line":234,"column":null}},"129":{"start":{"line":238,"column":4},"end":{"line":238,"column":null}},"130":{"start":{"line":238,"column":50},"end":{"line":238,"column":null}},"131":{"start":{"line":239,"column":17},"end":{"line":239,"column":null}},"132":{"start":{"line":240,"column":4},"end":{"line":240,"column":null}},"133":{"start":{"line":240,"column":29},"end":{"line":240,"column":null}},"134":{"start":{"line":241,"column":4},"end":{"line":241,"column":null}},"135":{"start":{"line":241,"column":44},"end":{"line":241,"column":66}},"136":{"start":{"line":245,"column":14},"end":{"line":245,"column":null}},"137":{"start":{"line":246,"column":4},"end":{"line":253,"column":null}},"138":{"start":{"line":257,"column":4},"end":{"line":257,"column":null}},"139":{"start":{"line":261,"column":4},"end":{"line":261,"column":null}}},"fnMap":{"0":{"name":"(anonymous_0)","decl":{"start":{"line":32,"column":2},"end":{"line":32,"column":22}},"loc":{"start":{"line":32,"column":56},"end":{"line":32,"column":null}},"line":32},"1":{"name":"(anonymous_1)","decl":{"start":{"line":34,"column":23},"end":{"line":34,"column":30}},"loc":{"start":{"line":34,"column":77},"end":{"line":56,"column":null}},"line":34},"2":{"name":"(anonymous_2)","decl":{"start":{"line":58,"column":20},"end":{"line":58,"column":27}},"loc":{"start":{"line":58,"column":74},"end":{"line":84,"column":null}},"line":58},"3":{"name":"(anonymous_3)","decl":{"start":{"line":86,"column":17},"end":{"line":86,"column":24}},"loc":{"start":{"line":86,"column":71},"end":{"line":96,"column":null}},"line":86},"4":{"name":"(anonymous_4)","decl":{"start":{"line":98,"column":20},"end":{"line":98,"column":27}},"loc":{"start":{"line":98,"column":74},"end":{"line":109,"column":null}},"line":98},"5":{"name":"(anonymous_5)","decl":{"start":{"line":111,"column":22},"end":{"line":111,"column":29}},"loc":{"start":{"line":111,"column":76},"end":{"line":122,"column":null}},"line":111},"6":{"name":"(anonymous_6)","decl":{"start":{"line":124,"column":20},"end":{"line":124,"column":27}},"loc":{"start":{"line":124,"column":74},"end":{"line":138,"column":null}},"line":124},"7":{"name":"(anonymous_7)","decl":{"start":{"line":140,"column":19},"end":{"line":140,"column":26}},"loc":{"start":{"line":140,"column":73},"end":{"line":154,"column":null}},"line":140},"8":{"name":"(anonymous_8)","decl":{"start":{"line":156,"column":19},"end":{"line":156,"column":26}},"loc":{"start":{"line":156,"column":73},"end":{"line":169,"column":null}},"line":156},"9":{"name":"(anonymous_9)","decl":{"start":{"line":171,"column":19},"end":{"line":171,"column":26}},"loc":{"start":{"line":171,"column":73},"end":{"line":183,"column":null}},"line":171},"10":{"name":"(anonymous_10)","decl":{"start":{"line":187,"column":10},"end":{"line":187,"column":28}},"loc":{"start":{"line":187,"column":86},"end":{"line":194,"column":null}},"line":187},"11":{"name":"(anonymous_11)","decl":{"start":{"line":196,"column":10},"end":{"line":196,"column":28}},"loc":{"start":{"line":196,"column":83},"end":{"line":205,"column":null}},"line":196},"12":{"name":"(anonymous_12)","decl":{"start":{"line":201,"column":14},"end":{"line":201,"column":15}},"loc":{"start":{"line":201,"column":34},"end":{"line":201,"column":55}},"line":201},"13":{"name":"(anonymous_13)","decl":{"start":{"line":202,"column":15},"end":{"line":202,"column":16}},"loc":{"start":{"line":202,"column":22},"end":{"line":202,"column":55}},"line":202},"14":{"name":"(anonymous_14)","decl":{"start":{"line":202,"column":39},"end":{"line":202,"column":40}},"loc":{"start":{"line":202,"column":46},"end":{"line":202,"column":54}},"line":202},"15":{"name":"(anonymous_15)","decl":{"start":{"line":203,"column":14},"end":{"line":203,"column":15}},"loc":{"start":{"line":203,"column":21},"end":{"line":203,"column":41}},"line":203},"16":{"name":"(anonymous_16)","decl":{"start":{"line":207,"column":10},"end":{"line":207,"column":29}},"loc":{"start":{"line":207,"column":84},"end":{"line":216,"column":null}},"line":207},"17":{"name":"(anonymous_17)","decl":{"start":{"line":212,"column":14},"end":{"line":212,"column":15}},"loc":{"start":{"line":212,"column":34},"end":{"line":212,"column":55}},"line":212},"18":{"name":"(anonymous_18)","decl":{"start":{"line":213,"column":15},"end":{"line":213,"column":16}},"loc":{"start":{"line":213,"column":22},"end":{"line":213,"column":55}},"line":213},"19":{"name":"(anonymous_19)","decl":{"start":{"line":213,"column":39},"end":{"line":213,"column":40}},"loc":{"start":{"line":213,"column":46},"end":{"line":213,"column":54}},"line":213},"20":{"name":"(anonymous_20)","decl":{"start":{"line":214,"column":14},"end":{"line":214,"column":15}},"loc":{"start":{"line":214,"column":21},"end":{"line":214,"column":42}},"line":214},"21":{"name":"(anonymous_21)","decl":{"start":{"line":218,"column":10},"end":{"line":218,"column":28}},"loc":{"start":{"line":218,"column":62},"end":{"line":224,"column":null}},"line":218},"22":{"name":"(anonymous_22)","decl":{"start":{"line":226,"column":10},"end":{"line":226,"column":null}},"loc":{"start":{"line":228,"column":60},"end":{"line":235,"column":null}},"line":228},"23":{"name":"(anonymous_23)","decl":{"start":{"line":237,"column":10},"end":{"line":237,"column":31}},"loc":{"start":{"line":237,"column":56},"end":{"line":242,"column":null}},"line":237},"24":{"name":"(anonymous_24)","decl":{"start":{"line":241,"column":22},"end":{"line":241,"column":23}},"loc":{"start":{"line":241,"column":44},"end":{"line":241,"column":66}},"line":241},"25":{"name":"(anonymous_25)","decl":{"start":{"line":244,"column":10},"end":{"line":244,"column":28}},"loc":{"start":{"line":244,"column":65},"end":{"line":254,"column":null}},"line":244},"26":{"name":"(anonymous_26)","decl":{"start":{"line":256,"column":10},"end":{"line":256,"column":26}},"loc":{"start":{"line":256,"column":68},"end":{"line":258,"column":null}},"line":256},"27":{"name":"(anonymous_27)","decl":{"start":{"line":260,"column":10},"end":{"line":260,"column":28}},"loc":{"start":{"line":260,"column":53},"end":{"line":262,"column":null}},"line":260}},"branchMap":{"0":{"loc":{"start":{"line":39,"column":6},"end":{"line":42,"column":null}},"type":"if","locations":[{"start":{"line":39,"column":6},"end":{"line":42,"column":null}},{"start":{},"end":{}}],"line":39},"1":{"loc":{"start":{"line":65,"column":6},"end":{"line":68,"column":null}},"type":"if","locations":[{"start":{"line":65,"column":6},"end":{"line":68,"column":null}},{"start":{},"end":{}}],"line":65},"2":{"loc":{"start":{"line":128,"column":6},"end":{"line":131,"column":null}},"type":"if","locations":[{"start":{"line":128,"column":6},"end":{"line":131,"column":null}},{"start":{},"end":{}}],"line":128},"3":{"loc":{"start":{"line":164,"column":21},"end":{"line":164,"column":null}},"type":"cond-expr","locations":[{"start":{"line":164,"column":53},"end":{"line":164,"column":59}},{"start":{"line":164,"column":59},"end":{"line":164,"column":null}}],"line":164},"4":{"loc":{"start":{"line":178,"column":21},"end":{"line":178,"column":null}},"type":"cond-expr","locations":[{"start":{"line":178,"column":53},"end":{"line":178,"column":59}},{"start":{"line":178,"column":59},"end":{"line":178,"column":null}}],"line":178},"5":{"loc":{"start":{"line":188,"column":40},"end":{"line":188,"column":88}},"type":"binary-expr","locations":[{"start":{"line":188,"column":40},"end":{"line":188,"column":76}},{"start":{"line":188,"column":76},"end":{"line":188,"column":88}}],"line":188},"6":{"loc":{"start":{"line":191,"column":18},"end":{"line":191,"column":68}},"type":"binary-expr","locations":[{"start":{"line":191,"column":18},"end":{"line":191,"column":55}},{"start":{"line":191,"column":55},"end":{"line":191,"column":68}}],"line":191},"7":{"loc":{"start":{"line":198,"column":4},"end":{"line":198,"column":null}},"type":"if","locations":[{"start":{"line":198,"column":4},"end":{"line":198,"column":null}},{"start":{},"end":{}}],"line":198},"8":{"loc":{"start":{"line":198,"column":8},"end":{"line":198,"column":41}},"type":"binary-expr","locations":[{"start":{"line":198,"column":8},"end":{"line":198,"column":29}},{"start":{"line":198,"column":29},"end":{"line":198,"column":41}}],"line":198},"9":{"loc":{"start":{"line":199,"column":19},"end":{"line":199,"column":null}},"type":"cond-expr","locations":[{"start":{"line":199,"column":40},"end":{"line":199,"column":46}},{"start":{"line":199,"column":46},"end":{"line":199,"column":null}}],"line":199},"10":{"loc":{"start":{"line":204,"column":11},"end":{"line":204,"column":null}},"type":"cond-expr","locations":[{"start":{"line":204,"column":33},"end":{"line":204,"column":46}},{"start":{"line":204,"column":46},"end":{"line":204,"column":null}}],"line":204},"11":{"loc":{"start":{"line":209,"column":4},"end":{"line":209,"column":null}},"type":"if","locations":[{"start":{"line":209,"column":4},"end":{"line":209,"column":null}},{"start":{},"end":{}}],"line":209},"12":{"loc":{"start":{"line":209,"column":8},"end":{"line":209,"column":41}},"type":"binary-expr","locations":[{"start":{"line":209,"column":8},"end":{"line":209,"column":29}},{"start":{"line":209,"column":29},"end":{"line":209,"column":41}}],"line":209},"13":{"loc":{"start":{"line":210,"column":19},"end":{"line":210,"column":null}},"type":"cond-expr","locations":[{"start":{"line":210,"column":40},"end":{"line":210,"column":46}},{"start":{"line":210,"column":46},"end":{"line":210,"column":null}}],"line":210},"14":{"loc":{"start":{"line":215,"column":11},"end":{"line":215,"column":null}},"type":"cond-expr","locations":[{"start":{"line":215,"column":33},"end":{"line":215,"column":46}},{"start":{"line":215,"column":46},"end":{"line":215,"column":null}}],"line":215},"15":{"loc":{"start":{"line":219,"column":4},"end":{"line":219,"column":null}},"type":"if","locations":[{"start":{"line":219,"column":4},"end":{"line":219,"column":null}},{"start":{},"end":{}}],"line":219},"16":{"loc":{"start":{"line":219,"column":8},"end":{"line":219,"column":63}},"type":"binary-expr","locations":[{"start":{"line":219,"column":8},"end":{"line":219,"column":31}},{"start":{"line":219,"column":31},"end":{"line":219,"column":49}},{"start":{"line":219,"column":49},"end":{"line":219,"column":63}}],"line":219},"17":{"loc":{"start":{"line":220,"column":16},"end":{"line":220,"column":null}},"type":"cond-expr","locations":[{"start":{"line":220,"column":44},"end":{"line":220,"column":59}},{"start":{"line":220,"column":59},"end":{"line":220,"column":null}}],"line":220},"18":{"loc":{"start":{"line":221,"column":4},"end":{"line":221,"column":null}},"type":"if","locations":[{"start":{"line":221,"column":4},"end":{"line":221,"column":null}},{"start":{},"end":{}}],"line":221},"19":{"loc":{"start":{"line":223,"column":11},"end":{"line":223,"column":null}},"type":"cond-expr","locations":[{"start":{"line":223,"column":42},"end":{"line":223,"column":54}},{"start":{"line":223,"column":54},"end":{"line":223,"column":null}}],"line":223},"20":{"loc":{"start":{"line":231,"column":4},"end":{"line":233,"column":null}},"type":"if","locations":[{"start":{"line":231,"column":4},"end":{"line":233,"column":null}},{"start":{},"end":{}}],"line":231},"21":{"loc":{"start":{"line":231,"column":8},"end":{"line":231,"column":77}},"type":"binary-expr","locations":[{"start":{"line":231,"column":8},"end":{"line":231,"column":34}},{"start":{"line":231,"column":34},"end":{"line":231,"column":58}},{"start":{"line":231,"column":58},"end":{"line":231,"column":77}}],"line":231},"22":{"loc":{"start":{"line":238,"column":4},"end":{"line":238,"column":null}},"type":"if","locations":[{"start":{"line":238,"column":4},"end":{"line":238,"column":null}},{"start":{},"end":{}}],"line":238},"23":{"loc":{"start":{"line":238,"column":8},"end":{"line":238,"column":50}},"type":"binary-expr","locations":[{"start":{"line":238,"column":8},"end":{"line":238,"column":24}},{"start":{"line":238,"column":24},"end":{"line":238,"column":50}}],"line":238},"24":{"loc":{"start":{"line":240,"column":4},"end":{"line":240,"column":null}},"type":"if","locations":[{"start":{"line":240,"column":4},"end":{"line":240,"column":null}},{"start":{},"end":{}}],"line":240},"25":{"loc":{"start":{"line":245,"column":14},"end":{"line":245,"column":null}},"type":"cond-expr","locations":[{"start":{"line":245,"column":50},"end":{"line":245,"column":85}},{"start":{"line":245,"column":85},"end":{"line":245,"column":null}}],"line":245},"26":{"loc":{"start":{"line":245,"column":14},"end":{"line":245,"column":50}},"type":"binary-expr","locations":[{"start":{"line":245,"column":14},"end":{"line":245,"column":22}},{"start":{"line":245,"column":22},"end":{"line":245,"column":50}}],"line":245},"27":{"loc":{"start":{"line":248,"column":8},"end":{"line":250,"column":null}},"type":"cond-expr","locations":[{"start":{"line":249,"column":12},"end":{"line":249,"column":null}},{"start":{"line":250,"column":12},"end":{"line":250,"column":null}}],"line":248},"28":{"loc":{"start":{"line":250,"column":28},"end":{"line":250,"column":43}},"type":"binary-expr","locations":[{"start":{"line":250,"column":28},"end":{"line":250,"column":42}},{"start":{"line":250,"column":42},"end":{"line":250,"column":43}}],"line":250},"29":{"loc":{"start":{"line":251,"column":16},"end":{"line":251,"column":null}},"type":"cond-expr","locations":[{"start":{"line":251,"column":49},"end":{"line":251,"column":62}},{"start":{"line":251,"column":62},"end":{"line":251,"column":null}}],"line":251},"30":{"loc":{"start":{"line":252,"column":14},"end":{"line":252,"column":null}},"type":"cond-expr","locations":[{"start":{"line":252,"column":45},"end":{"line":252,"column":56}},{"start":{"line":252,"column":56},"end":{"line":252,"column":null}}],"line":252},"31":{"loc":{"start":{"line":257,"column":11},"end":{"line":257,"column":null}},"type":"cond-expr","locations":[{"start":{"line":257,"column":36},"end":{"line":257,"column":52}},{"start":{"line":257,"column":52},"end":{"line":257,"column":null}}],"line":257},"32":{"loc":{"start":{"line":261,"column":11},"end":{"line":261,"column":null}},"type":"binary-expr","locations":[{"start":{"line":261,"column":11},"end":{"line":261,"column":37}},{"start":{"line":261,"column":37},"end":{"line":261,"column":null}}],"line":261}},"s":{"0":4,"1":4,"2":4,"3":4,"4":4,"5":4,"6":4,"7":4,"8":4,"9":4,"10":4,"11":4,"12":4,"13":4,"14":4,"15":4,"16":2,"17":2,"18":1,"19":3,"20":5,"21":2,"22":98,"23":2,"24":2,"25":4,"26":2,"27":2,"28":2,"29":2,"30":2,"31":0,"32":0,"33":2,"34":2,"35":0,"36":2,"37":2,"38":2,"39":2,"40":2,"41":2,"42":2,"43":0,"44":0,"45":2,"46":2,"47":0,"48":1,"49":1,"50":1,"51":1,"52":0,"53":3,"54":3,"55":3,"56":3,"57":1,"58":2,"59":5,"60":5,"61":5,"62":5,"63":1,"64":4,"65":2,"66":2,"67":2,"68":2,"69":1,"70":1,"71":1,"72":0,"73":98,"74":98,"75":98,"76":98,"77":60,"78":38,"79":2,"80":2,"81":2,"82":2,"83":2,"84":1,"85":1,"86":1,"87":2,"88":2,"89":2,"90":2,"91":1,"92":1,"93":1,"94":4,"95":4,"96":4,"97":2,"98":2,"99":2,"100":0,"101":2,"102":0,"103":0,"104":0,"105":0,"106":2,"107":4,"108":4,"109":4,"110":0,"111":4,"112":0,"113":0,"114":0,"115":0,"116":4,"117":8,"118":8,"119":0,"120":8,"121":0,"122":0,"123":0,"124":4,"125":4,"126":4,"127":0,"128":4,"129":3,"130":0,"131":3,"132":3,"133":0,"134":3,"135":3,"136":5,"137":5,"138":46,"139":2},"f":{"0":4,"1":2,"2":2,"3":1,"4":3,"5":5,"6":2,"7":98,"8":2,"9":2,"10":4,"11":2,"12":0,"13":0,"14":0,"15":0,"16":4,"17":0,"18":0,"19":0,"20":0,"21":8,"22":4,"23":3,"24":3,"25":5,"26":46,"27":2},"b":{"0":[0,2],"1":[0,2],"2":[1,1],"3":[1,0],"4":[1,0],"5":[4,2],"6":[4,2],"7":[2,0],"8":[2,0],"9":[0,0],"10":[0,0],"11":[4,0],"12":[4,0],"13":[0,0],"14":[0,0],"15":[8,0],"16":[8,0,0],"17":[0,0],"18":[0,8],"19":[0,0],"20":[0,4],"21":[4,0,0],"22":[0,3],"23":[3,3],"24":[0,3],"25":[5,0],"26":[5,5],"27":[5,0],"28":[0,0],"29":[2,3],"30":[2,3],"31":[46,0],"32":[2,2]},"meta":{"lastBranch":33,"lastFunction":28,"lastStatement":140,"seen":{"s:12:22:12:Infinity":0,"s:13:23:13:Infinity":1,"s:15:21:15:Infinity":2,"s:16:22:16:Infinity":3,"s:17:18:17:Infinity":4,"s:19:28:19:Infinity":5,"s:20:33:20:Infinity":6,"s:21:27:21:Infinity":7,"s:22:30:22:Infinity":8,"s:23:30:23:Infinity":9,"s:24:30:24:Infinity":10,"s:25:29:25:Infinity":11,"s:26:31:26:Infinity":12,"s:27:33:27:Infinity":13,"s:28:25:28:Infinity":14,"s:29:33:29:Infinity":15,"s:34:23:56:Infinity":16,"s:58:20:84:Infinity":17,"s:86:17:96:Infinity":18,"s:98:20:109:Infinity":19,"s:111:22:122:Infinity":20,"s:124:20:138:Infinity":21,"s:140:19:154:Infinity":22,"s:156:19:169:Infinity":23,"s:171:19:183:Infinity":24,"f:32:2:32:22":0,"s:32:22:32:56":25,"f:34:23:34:30":1,"s:35:4:55:Infinity":26,"s:36:30:36:Infinity":27,"s:37:23:37:Infinity":28,"s:38:26:38:Infinity":29,"b:39:6:42:Infinity:undefined:undefined:undefined:undefined":0,"s:39:6:42:Infinity":30,"s:40:8:40:Infinity":31,"s:41:8:41:Infinity":32,"s:43:21:49:Infinity":33,"s:50:6:50:Infinity":34,"s:52:6:54:Infinity":35,"f:58:20:58:27":2,"s:59:4:83:Infinity":36,"s:60:21:60:Infinity":37,"s:61:30:61:Infinity":38,"s:62:22:62:Infinity":39,"s:63:23:63:Infinity":40,"s:64:26:64:Infinity":41,"b:65:6:68:Infinity:undefined:undefined:undefined:undefined":1,"s:65:6:68:Infinity":42,"s:66:8:66:Infinity":43,"s:67:8:67:Infinity":44,"s:69:21:77:Infinity":45,"s:78:6:78:Infinity":46,"s:80:6:82:Infinity":47,"f:86:17:86:24":3,"s:87:4:95:Infinity":48,"s:88:21:88:Infinity":49,"s:89:21:89:Infinity":50,"s:90:6:90:Infinity":51,"s:92:6:94:Infinity":52,"f:98:20:98:27":4,"s:99:4:108:Infinity":53,"s:100:21:100:Infinity":54,"s:101:30:101:Infinity":55,"s:102:6:102:Infinity":56,"s:103:6:103:Infinity":57,"s:105:6:107:Infinity":58,"f:111:22:111:29":5,"s:112:4:121:Infinity":59,"s:113:21:113:Infinity":60,"s:114:18:114:Infinity":61,"s:115:21:115:Infinity":62,"s:116:6:116:Infinity":63,"s:118:6:120:Infinity":64,"f:124:20:124:27":6,"s:125:4:137:Infinity":65,"s:126:21:126:Infinity":66,"s:127:23:127:Infinity":67,"b:128:6:131:Infinity:undefined:undefined:undefined:undefined":2,"s:128:6:131:Infinity":68,"s:129:8:129:Infinity":69,"s:130:8:130:Infinity":70,"s:132:6:132:Infinity":71,"s:134:6:136:Infinity":72,"f:140:19:140:26":7,"s:141:4:153:Infinity":73,"s:142:21:142:Infinity":74,"s:143:38:146:Infinity":75,"s:147:23:147:Infinity":76,"s:148:6:148:Infinity":77,"s:150:6:152:Infinity":78,"f:156:19:156:26":8,"s:157:4:168:Infinity":79,"s:158:21:158:Infinity":80,"s:159:21:159:Infinity":81,"s:160:42:160:Infinity":82,"s:161:23:161:Infinity":83,"s:162:6:162:Infinity":84,"s:164:21:164:Infinity":85,"b:164:53:164:59:164:59:164:Infinity":3,"s:165:6:167:Infinity":86,"f:171:19:171:26":9,"s:172:4:182:Infinity":87,"s:173:21:173:Infinity":88,"s:174:21:174:Infinity":89,"s:175:6:175:Infinity":90,"s:176:6:176:Infinity":91,"s:178:21:178:Infinity":92,"b:178:53:178:59:178:59:178:Infinity":4,"s:179:6:181:Infinity":93,"f:187:10:187:28":10,"s:188:17:188:Infinity":94,"b:188:40:188:76:188:76:188:88":5,"s:189:18:192:Infinity":95,"b:191:18:191:55:191:55:191:68":6,"s:193:4:193:Infinity":96,"f:196:10:196:28":11,"s:197:16:197:Infinity":97,"b:198:4:198:Infinity:undefined:undefined:undefined:undefined":7,"s:198:4:198:Infinity":98,"b:198:8:198:29:198:29:198:41":8,"s:198:41:198:Infinity":99,"s:199:19:199:Infinity":100,"b:199:40:199:46:199:46:199:Infinity":9,"s:200:19:203:Infinity":101,"f:201:14:201:15":12,"s:201:34:201:55":102,"f:202:15:202:16":13,"s:202:22:202:55":103,"f:202:39:202:40":14,"s:202:46:202:54":104,"f:203:14:203:15":15,"s:203:21:203:41":105,"s:204:4:204:Infinity":106,"b:204:33:204:46:204:46:204:Infinity":10,"f:207:10:207:29":16,"s:208:16:208:Infinity":107,"b:209:4:209:Infinity:undefined:undefined:undefined:undefined":11,"s:209:4:209:Infinity":108,"b:209:8:209:29:209:29:209:41":12,"s:209:41:209:Infinity":109,"s:210:19:210:Infinity":110,"b:210:40:210:46:210:46:210:Infinity":13,"s:211:19:214:Infinity":111,"f:212:14:212:15":17,"s:212:34:212:55":112,"f:213:15:213:16":18,"s:213:22:213:55":113,"f:213:39:213:40":19,"s:213:46:213:54":114,"f:214:14:214:15":20,"s:214:21:214:42":115,"s:215:4:215:Infinity":116,"b:215:33:215:46:215:46:215:Infinity":14,"f:218:10:218:28":21,"b:219:4:219:Infinity:undefined:undefined:undefined:undefined":15,"s:219:4:219:Infinity":117,"b:219:8:219:31:219:31:219:49:219:49:219:63":16,"s:219:63:219:Infinity":118,"s:220:16:220:Infinity":119,"b:220:44:220:59:220:59:220:Infinity":17,"b:221:4:221:Infinity:undefined:undefined:undefined:undefined":18,"s:221:4:221:Infinity":120,"s:221:14:221:Infinity":121,"s:222:17:222:Infinity":122,"s:223:4:223:Infinity":123,"b:223:42:223:54:223:54:223:Infinity":19,"f:226:10:226:Infinity":22,"s:229:21:229:Infinity":124,"s:230:19:230:Infinity":125,"b:231:4:233:Infinity:undefined:undefined:undefined:undefined":20,"s:231:4:233:Infinity":126,"b:231:8:231:34:231:34:231:58:231:58:231:77":21,"s:232:6:232:Infinity":127,"s:234:4:234:Infinity":128,"f:237:10:237:31":23,"b:238:4:238:Infinity:undefined:undefined:undefined:undefined":22,"s:238:4:238:Infinity":129,"b:238:8:238:24:238:24:238:50":23,"s:238:50:238:Infinity":130,"s:239:17:239:Infinity":131,"b:240:4:240:Infinity:undefined:undefined:undefined:undefined":24,"s:240:4:240:Infinity":132,"s:240:29:240:Infinity":133,"s:241:4:241:Infinity":134,"f:241:22:241:23":24,"s:241:44:241:66":135,"f:244:10:244:28":25,"s:245:14:245:Infinity":136,"b:245:50:245:85:245:85:245:Infinity":25,"b:245:14:245:22:245:22:245:50":26,"s:246:4:253:Infinity":137,"b:249:12:249:Infinity:250:12:250:Infinity":27,"b:250:28:250:42:250:42:250:43":28,"b:251:49:251:62:251:62:251:Infinity":29,"b:252:45:252:56:252:56:252:Infinity":30,"f:256:10:256:26":26,"s:257:4:257:Infinity":138,"b:257:36:257:52:257:52:257:Infinity":31,"f:260:10:260:28":27,"s:261:4:261:Infinity":139,"b:261:11:261:37:261:37:261:Infinity":32}}}
,"C:\\Work\\TapaYBusca\\backend\\src\\modules\\equations\\equation.repository.ts": {"path":"C:\\Work\\TapaYBusca\\backend\\src\\modules\\equations\\equation.repository.ts","statementMap":{"0":{"start":{"line":19,"column":39},"end":{"line":19,"column":null}},"1":{"start":{"line":20,"column":31},"end":{"line":20,"column":null}},"2":{"start":{"line":32,"column":18},"end":{"line":38,"column":null}},"3":{"start":{"line":39,"column":4},"end":{"line":45,"column":null}},"4":{"start":{"line":55,"column":18},"end":{"line":61,"column":null}},"5":{"start":{"line":62,"column":4},"end":{"line":62,"column":null}},"6":{"start":{"line":66,"column":4},"end":{"line":69,"column":null}},"7":{"start":{"line":73,"column":4},"end":{"line":76,"column":null}},"8":{"start":{"line":74,"column":23},"end":{"line":74,"column":null}},"9":{"start":{"line":75,"column":6},"end":{"line":75,"column":null}},"10":{"start":{"line":80,"column":4},"end":{"line":84,"column":null}},"11":{"start":{"line":88,"column":4},"end":{"line":91,"column":null}},"12":{"start":{"line":95,"column":16},"end":{"line":98,"column":null}},"13":{"start":{"line":99,"column":4},"end":{"line":99,"column":null}},"14":{"start":{"line":103,"column":23},"end":{"line":106,"column":null}},"15":{"start":{"line":107,"column":4},"end":{"line":107,"column":null}},"16":{"start":{"line":107,"column":33},"end":{"line":107,"column":null}},"17":{"start":{"line":108,"column":4},"end":{"line":117,"column":null}},"18":{"start":{"line":109,"column":40},"end":{"line":115,"column":8}},"19":{"start":{"line":126,"column":18},"end":{"line":126,"column":null}},"20":{"start":{"line":127,"column":4},"end":{"line":132,"column":null}},"21":{"start":{"line":136,"column":18},"end":{"line":136,"column":null}},"22":{"start":{"line":137,"column":4},"end":{"line":137,"column":null}},"23":{"start":{"line":141,"column":4},"end":{"line":150,"column":null}},"24":{"start":{"line":154,"column":17},"end":{"line":157,"column":null}},"25":{"start":{"line":158,"column":4},"end":{"line":158,"column":null}},"26":{"start":{"line":158,"column":27},"end":{"line":158,"column":39}},"27":{"start":{"line":173,"column":4},"end":{"line":176,"column":null}},"28":{"start":{"line":183,"column":21},"end":{"line":185,"column":null}},"29":{"start":{"line":186,"column":4},"end":{"line":186,"column":null}},"30":{"start":{"line":190,"column":4},"end":{"line":192,"column":null}},"31":{"start":{"line":196,"column":18},"end":{"line":196,"column":null}},"32":{"start":{"line":197,"column":4},"end":{"line":202,"column":null}},"33":{"start":{"line":206,"column":17},"end":{"line":209,"column":null}},"34":{"start":{"line":210,"column":4},"end":{"line":210,"column":null}},"35":{"start":{"line":210,"column":27},"end":{"line":210,"column":39}},"36":{"start":{"line":218,"column":4},"end":{"line":218,"column":null}},"37":{"start":{"line":218,"column":34},"end":{"line":218,"column":null}},"38":{"start":{"line":219,"column":19},"end":{"line":228,"column":null}},"39":{"start":{"line":220,"column":45},"end":{"line":226,"column":8}},"40":{"start":{"line":229,"column":4},"end":{"line":229,"column":null}},"41":{"start":{"line":233,"column":14},"end":{"line":233,"column":null}},"42":{"start":{"line":234,"column":4},"end":{"line":234,"column":null}},"43":{"start":{"line":235,"column":4},"end":{"line":235,"column":null}},"44":{"start":{"line":245,"column":41},"end":{"line":245,"column":null}},"45":{"start":{"line":246,"column":4},"end":{"line":246,"column":null}},"46":{"start":{"line":246,"column":39},"end":{"line":246,"column":null}},"47":{"start":{"line":247,"column":4},"end":{"line":247,"column":null}},"48":{"start":{"line":247,"column":41},"end":{"line":247,"column":null}},"49":{"start":{"line":248,"column":4},"end":{"line":252,"column":null}},"50":{"start":{"line":249,"column":6},"end":{"line":249,"column":null}},"51":{"start":{"line":250,"column":6},"end":{"line":250,"column":null}},"52":{"start":{"line":250,"column":34},"end":{"line":250,"column":null}},"53":{"start":{"line":251,"column":6},"end":{"line":251,"column":null}},"54":{"start":{"line":251,"column":32},"end":{"line":251,"column":null}},"55":{"start":{"line":253,"column":4},"end":{"line":253,"column":null}},"56":{"start":{"line":260,"column":79},"end":{"line":262,"column":null}},"57":{"start":{"line":263,"column":4},"end":{"line":267,"column":null}},"58":{"start":{"line":264,"column":6},"end":{"line":264,"column":null}},"59":{"start":{"line":265,"column":6},"end":{"line":265,"column":null}},"60":{"start":{"line":265,"column":34},"end":{"line":265,"column
[...]
"line":11,"column":null}},"type":"if","locations":[{"start":{"line":11,"column":2},"end":{"line":11,"column":null}},{"start":{},"end":{}}],"line":11},"1":{"loc":{"start":{"line":13,"column":2},"end":{"line":15,"column":null}},"type":"if","locations":[{"start":{"line":13,"column":2},"end":{"line":15,"column":null}},{"start":{},"end":{}}],"line":13},"2":{"loc":{"start":{"line":13,"column":6},"end":{"line":13,"column":52}},"type":"binary-expr","locations":[{"start":{"line":13,"column":6},"end":{"line":13,"column":18}},{"start":{"line":13,"column":18},"end":{"line":13,"column":52}}],"line":13},"3":{"loc":{"start":{"line":20,"column":2},"end":{"line":20,"column":null}},"type":"if","locations":[{"start":{"line":20,"column":2},"end":{"line":20,"column":null}},{"start":{},"end":{}}],"line":20},"4":{"loc":{"start":{"line":21,"column":2},"end":{"line":23,"column":null}},"type":"if","locations":[{"start":{"line":21,"column":2},"end":{"line":23,"column":null}},{"start":{},"end":{}}],"line":21},"5":{"loc":{"start":{"line":31,"column":2},"end":{"line":31,"column":null}},"type":"if","locations":[{"start":{"line":31,"column":2},"end":{"line":31,"column":null}},{"start":{},"end":{}}],"line":31},"6":{"loc":{"start":{"line":32,"column":2},"end":{"line":34,"column":null}},"type":"if","locations":[{"start":{"line":32,"column":2},"end":{"line":34,"column":null}},{"start":{},"end":{}}],"line":32},"7":{"loc":{"start":{"line":42,"column":2},"end":{"line":42,"column":null}},"type":"if","locations":[{"start":{"line":42,"column":2},"end":{"line":42,"column":null}},{"start":{},"end":{}}],"line":42},"8":{"loc":{"start":{"line":45,"column":2},"end":{"line":45,"column":null}},"type":"if","locations":[{"start":{"line":45,"column":2},"end":{"line":45,"column":null}},{"start":{},"end":{}}],"line":45},"9":{"loc":{"start":{"line":48,"column":2},"end":{"line":48,"column":null}},"type":"if","locations":[{"start":{"line":48,"column":2},"end":{"line":48,"column":null}},{"start":{},"end":{}}],"line":48}},"s":{"0":6,"1":4,"2":2,"3":2,"4":1,"5":1,"6":6,"7":2,"8":4,"9":1,"10":3,"11":6,"12":2,"13":4,"14":1,"15":3,"16":4,"17":6,"18":6,"19":6,"20":1,"21":6,"22":6,"23":1,"24":6,"25":6,"26":1,"27":6},"f":{"0":6,"1":6,"2":6,"3":6},"b":{"0":[4,2],"1":[1,1],"2":[2,2],"3":[2,4],"4":[1,3],"5":[2,4],"6":[1,3],"7":[1,5],"8":[1,5],"9":[1,5]},"meta":{"lastBranch":10,"lastFunction":4,"lastStatement":28,"seen":{"f:10:9:10:22":0,"b:11:2:11:Infinity:undefined:undefined:undefined:undefined":0,"s:11:2:11:Infinity":0,"s:11:26:11:Infinity":1,"s:12:18:12:Infinity":2,"b:13:2:15:Infinity:undefined:undefined:undefined:undefined":1,"s:13:2:15:Infinity":3,"b:13:6:13:18:13:18:13:52":2,"s:14:4:14:Infinity":4,"s:16:2:16:Infinity":5,"f:19:9:19:32":1,"b:20:2:20:Infinity:undefined:undefined:undefined:undefined":3,"s:20:2:20:Infinity":6,"s:20:30:20:Infinity":7,"b:21:2:23:Infinity:undefined:undefined:undefined:undefined":4,"s:21:2:23:Infinity":8,"s:22:4:22:Infinity":9,"s:24:2:24:Infinity":10,"f:27:9:27:Infinity":2,"b:31:2:31:Infinity:undefined:undefined:undefined:undefined":5,"s:31:2:31:Infinity":11,"s:31:17:31:Infinity":12,"b:32:2:34:Infinity:undefined:undefined:undefined:undefined":6,"s:32:2:34:Infinity":13,"s:33:4:33:Infinity":14,"s:35:2:35:Infinity":15,"s:38:37:54:Infinity":16,"f:38:37:38:38":3,"s:39:48:39:Infinity":17,"s:41:20:41:Infinity":18,"b:42:2:42:Infinity:undefined:undefined:undefined:undefined":7,"s:42:2:42:Infinity":19,"s:42:17:42:Infinity":20,"s:44:24:44:Infinity":21,"b:45:2:45:Infinity:undefined:undefined:undefined:undefined":8,"s:45:2:45:Infinity":22,"s:45:21:45:Infinity":23,"s:47:31:47:Infinity":24,"b:48:2:48:Infinity:undefined:undefined:undefined:undefined":9,"s:48:2:48:Infinity":25,"s:48:28:48:Infinity":26,"s:50:2:53:Infinity":27}}}
,"C:\\Work\\TapaYBusca\\backend\\src\\shared\\constants\\validation.ts": {"path":"C:\\Work\\TapaYBusca\\backend\\src\\shared\\constants\\validation.ts","statementMap":{"0":{"start":{"line":1,"column":31},"end":{"line":1,"column":null}},"1":{"start":{"line":2,"column":35},"end":{"line":2,"column":null}},"2":{"start":{"line":4,"column":37},"end":{"line":4,"column":null}},"3":{"start":{"line":5,"column":38},"end":{"line":5,"column":null}},"4":{"start":{"line":6,"column":42},"end":{"line":6,"column":null}},"5":{"start":{"line":7,"column":41},"end":{"line":7,"column":null}},"6":{"start":{"line":8,"column":38},"end":{"line":8,"column":null}},"7":{"start":{"line":10,"column":2},"end":{"line":10,"column":null}}},"fnMap":{},"branchMap":{},"s":{"0":4,"1":4,"2":4,"3":4,"4":4,"5":4,"6":4,"7":4},"f":{},"b":{},"meta":{"lastBranch":0,"lastFunction":0,"lastStatement":8,"seen":{"s:1:31:1:Infinity":0,"s:2:35:2:Infinity":1,"s:4:37:4:Infinity":2,"s:5:38:5:Infinity":3,"s:6:42:6:Infinity":4,"s:7:41:7:Infinity":5,"s:8:38:8:Infinity":6,"s:10:2:10:Infinity":7}}}
,"C:\\Work\\TapaYBusca\\backend\\src\\shared\\middleware\\auth.middleware.ts": {"path":"C:\\Work\\TapaYBusca\\backend\\src\\shared\\middleware\\auth.middleware.ts","statementMap":{"0":{"start":{"line":19,"column":30},"end":{"line":46,"column":null}},"1":{"start":{"line":20,"column":2},"end":{"line":45,"column":null}},"2":{"start":{"line":21,"column":23},"end":{"line":21,"column":null}},"3":{"start":{"line":23,"column":4},"end":{"line":26,"column":null}},"4":{"start":{"line":24,"column":6},"end":{"line":24,"column":null}},"5":{"start":{"line":25,"column":6},"end":{"line":25,"column":null}},"6":{"start":{"line":28,"column":18},"end":{"line":28,"column":null}},"7":{"start":{"line":29,"column":20},"end":{"line":29,"column":null}},"8":{"start":{"line":31,"column":4},"end":{"line":31,"column":null}},"9":{"start":{"line":32,"column":4},"end":{"line":32,"column":null}},"10":{"start":{"line":34,"column":4},"end":{"line":34,"column":null}},"11":{"start":{"line":36,"column":4},"end":{"line":39,"column":null}},"12":{"start":{"line":37,"column":6},"end":{"line":37,"column":null}},"13":{"start":{"line":38,"column":6},"end":{"line":38,"column":null}},"14":{"start":{"line":40,"column":4},"end":{"line":43,"column":null}},"15":{"start":{"line":41,"column":6},"end":{"line":41,"column":null}},"16":{"start":{"line":42,"column":6},"end":{"line":42,"column":null}},"17":{"start":{"line":44,"column":4},"end":{"line":44,"column":null}}},"fnMap":{"0":{"name":"(anonymous_0)","decl":{"start":{"line":19,"column":30},"end":{"line":19,"column":31}},"loc":{"start":{"line":19,"column":89},"end":{"line":46,"column":null}},"line":19}},"branchMap":{"0":{"loc":{"start":{"line":23,"column":4},"end":{"line":26,"column":null}},"type":"if","locations":[{"start":{"line":23,"column":4},"end":{"line":26,"column":null}},{"start":{},"end":{}}],"line":23},"1":{"loc":{"start":{"line":23,"column":8},"end":{"line":23,"column":58}},"type":"binary-expr","locations":[{"start":{"line":23,"column":8},"end":{"line":23,"column":23}},{"start":{"line":23,"column":23},"end":{"line":23,"column":58}}],"line":23},"2":{"loc":{"start":{"line":36,"column":4},"end":{"line":39,"column":null}},"type":"if","locations":[{"start":{"line":36,"column":4},"end":{"line":39,"column":null}},{"start":{},"end":{}}],"line":36},"3":{"loc":{"start":{"line":40,"column":4},"end":{"line":43,"column":null}},"type":"if","locations":[{"start":{"line":40,"column":4},"end":{"line":43,"column":null}},{"start":{},"end":{}}],"line":40}},"s":{"0":4,"1":138,"2":138,"3":138,"4":10,"5":10,"6":128,"7":128,"8":128,"9":128,"10":128,"11":4,"12":1,"13":1,"14":3,"15":2,"16":2,"17":1},"f":{"0":138},"b":{"0":[10,128],"1":[138,128],"2":[1,3],"3":[2,1]},"meta":{"lastBranch":4,"lastFunction":1,"lastStatement":18,"seen":{"s:19:30:46:Infinity":0,"f:19:30:19:31":0,"s:20:2:45:Infinity":1,"s:21:23:21:Infinity":2,"b:23:4:26:Infinity:undefined:undefined:undefined:undefined":0,"s:23:4:26:Infinity":3,"b:23:8:23:23:23:23:23:58":1,"s:24:6:24:Infinity":4,"s:25:6:25:Infinity":5,"s:28:18:28:Infinity":6,"s:29:20:29:Infinity":7,"s:31:4:31:Infinity":8,"s:32:4:32:Infinity":9,"s:34:4:34:Infinity":10,"b:36:4:39:Infinity:undefined:undefined:undefined:undefined":2,"s:36:4:39:Infinity":11,"s:37:6:37:Infinity":12,"s:38:6:38:Infinity":13,"b:40:4:43:Infinity:undefined:undefined:undefined:undefined":3,"s:40:4:43:Infinity":14,"s:41:6:41:Infinity":15,"s:42:6:42:Infinity":16,"s:44:4:44:Infinity":17}}}
,"C:\\Work\\TapaYBusca\\backend\\src\\shared\\services\\email\\email.service.ts": {"path":"C:\\Work\\TapaYBusca\\backend\\src\\shared\\services\\email\\email.service.ts","statementMap":{"0":{"start":{"line":6,"column":20},"end":{"line":6,"column":null}},"1":{"start":{"line":15,"column":15},"end":{"line":15,"column":null}},"2":{"start":{"line":16,"column":2},"end":{"line":16,"column":null}},"3":{"start":{"line":16,"column":18},"end":{"line":16,"column":null}},"4":{"start":{"line":17,"column":2},"end":{"line":17,"column":null}},"5":{"start":{"line":17,"column":18},"end":{"line":17,"column":null}},"6":{"start":{"line":18,"column":2},"end":{"line":18,"column":null}},"7":{"start":{"line":18,"column":18},"end":{"line":18,"column":null}},"8":{"start":{"line":19,"column":2},"end":{"line":19,"column":null}},"9":{"start":{"line":19,"column":18},"end":{"line":19,"column":null}},"10":{"start":{"line":23,"column":18},"end":{"line":23,"column":null}},"11":{"start":{"line":24,"column":2},"end":{"line":24,"column":null}},"12":{"start":{"line":29,"column":4},"end":{"line":29,"column":null}},"13":{"start":{"line":31,"column":21},"end":{"line":31,"column":null}},"14":{"start":{"line":32,"column":24},"end":{"line":32,"column":null}},"15":{"start":{"line":34,"column":24},"end":{"line":40,"column":null}},"16":{"start":{"line":42,"column":32},"end":{"line":45,"column":null}},"17":{"start":{"line":47,"column":4},"end":{"line":53,"column":null}}},"fnMap":{"0":{"name":"assertSmtpConfigured","decl":{"start":{"line":14,"column":9},"end":{"line":14,"column":38}},"loc":{"start":{"line":14,"column":38},"end":{"line":20,"column":null}},"line":14},"1":{"name":"resolveSmtpHostIPv4","decl":{"start":{"line":22,"column":15},"end":{"line":22,"column":35}},"loc":{"start":{"line":22,"column":66},"end":{"line":25,"column":null}},"line":22},"2":{"name":"(anonymous_2)","decl":{"start":{"line":28,"column":8},"end":{"line":28,"column":31}},"loc":{"start":{"line":28,"column":84},"end":{"line":54,"column":null}},"line":28}},"branchMap":{"0":{"loc":{"start":{"line":16,"column":2},"end":{"line":16,"column":null}},"type":"if","locations":[{"start":{"line":16,"column":2},"end":{"line":16,"column":null}},{"start":{},"end":{}}],"line":16},"1":{"loc":{"start":{"line":17,"column":2},"end":{"line":17,"column":null}},"type":"if","locations":[{"start":{"line":17,"column":2},"end":{"line":17,"column":null}},{"start":{},"end":{}}],"line":17},"2":{"loc":{"start":{"line":18,"column":2},"end":{"line":18,"column":null}},"type":"if","locations":[{"start":{"line":18,"column":2},"end":{"line":18,"column":null}},{"start":{},"end":{}}],"line":18},"3":{"loc":{"start":{"line":19,"column":2},"end":{"line":19,"column":null}},"type":"if","locations":[{"start":{"line":19,"column":2},"end":{"line":19,"column":null}},{"start":{},"end":{}}],"line":19},"4":{"loc":{"start":{"line":24,"column":9},"end":{"line":24,"column":null}},"type":"binary-expr","locations":[{"start":{"line":24,"column":9},"end":{"line":24,"column":18}},{"start":{"line":24,"column":18},"end":{"line":24,"column":null}}],"line":24}},"s":{"0":3,"1":0,"2":0,"3":0,"4":0,"5":0,"6":0,"7":0,"8":0,"9":0,"10":0,"11":0,"12":0,"13":0,"14":0,"15":0,"16":0,"17":0},"f":{"0":0,"1":0,"2":0},"b":{"0":[0,0],"1":[0,0],"2":[0,0],"3":[0,0],"4":[0,0]},"meta":{"lastBranch":5,"lastFunction":3,"lastStatement":18,"seen":{"s:6:20:6:Infinity":0,"f:14:9:14:38":0,"s:15:15:15:Infinity":1,"b:16:2:16:Infinity:undefined:undefined:undefined:undefined":0,"s:16:2:16:Infinity":2,"s:16:18:16:Infinity":3,"b:17:2:17:Infinity:undefined:undefined:undefined:undefined":1,"s:17:2:17:Infinity":4,"s:17:18:17:Infinity":5,"b:18:2:18:Infinity:undefined:undefined:undefined:undefined":2,"s:18:2:18:Infinity":6,"s:18:18:18:Infinity":7,"b:19:2:19:Infinity:undefined:undefined:undefined:undefined":3,"s:19:2:19:Infinity":8,"s:19:18:19:Infinity":9,"f:22:15:22:35":1,"s:23:18:23:Infinity":10,"s:24:2:24:Infinity":11,"b:24:9:24:18:24:18:24:Infinity":4,"f:28:8:28:31":2,"s:29:4:29:Infinity":12,"s:31:21:31:Infinity":13,"s:32:24:32:Infinity":14,"s:34:24:40:Infinity":15,"s:42:32:45:Infinity":16,"s:47:4:53:Infinity":17}}}
,"C:\\Work\\TapaYBusca\\backend\\src\\shared\\services\\email\\templates\\password-reset.email.ts": {"path":"C:\\Work\\TapaYBusca\\backend\\src\\shared\\services\\email\\templates\\password-reset.email.ts","statementMap":{"0":{"start":{"line":12,"column":15},"end":{"line":21,"column":null}},"1":{"start":{"line":24,"column":2},"end":{"line":24,"column":null}},"2":{"start":{"line":27,"column":41},"end":{"line":27,"column":null}},"3":{"start":{"line":29,"column":18},"end":{"line":29,"column":null}},"4":{"start":{"line":31,"column":4},"end":{"line":33,"column":null}},"5":{"start":{"line":36,"column":15},"end":{"line":36,"column":null}},"6":{"start":{"line":38,"column":2},"end":{"line":38,"column":null}},"7":{"start":{"line":42,"column":2},"end":{"line":144,"column":null}}},"fnMap":{"0":{"name":"buildPasswordResetEmail","decl":{"start":{"line":26,"column":16},"end":{"line":26,"column":40}},"loc":{"start":{"line":26,"column":101},"end":{"line":39,"column":null}},"line":26},"1":{"name":"buildHtml","decl":{"start":{"line":41,"column":9},"end":{"line":41,"column":19}},"loc":{"start":{"line":41,"column":71},"end":{"line":145,"column":null}},"line":41}},"branchMap":{},"s":{"0":3,"1":3,"2":0,"3":0,"4":0,"5":0,"6":0,"7":0},"f":{"0":0,"1":0},"b":{},"meta":{"lastBranch":0,"lastFunction":2,"lastStatement":8,"seen":{"s:12:15:21:Infinity":0,"s:24:2:24:Infinity":1,"f:26:16:26:40":0,"s:27:41:27:Infinity":2,"s:29:18:29:Infinity":3,"s:31:4:33:Infinity":4,"s:36:15:36:Infinity":5,"s:38:2:38:Infinity":6,"f:41:9:41:19":1,"s:42:2:144:Infinity":7}}}
,"C:\\Work\\TapaYBusca\\backend\\src\\shared\\types\\index.ts": {"path":"C:\\Work\\TapaYBusca\\backend\\src\\shared\\types\\index.ts","statementMap":{},"fnMap":{},"branchMap":{},"s":{},"f":{},"b":{},"meta":{"lastBranch":0,"lastFunction":0,"lastStatement":0,"seen":{}}}
,"C:\\Work\\TapaYBusca\\backend\\src\\shared\\types\\password.types.ts": {"path":"C:\\Work\\TapaYBusca\\backend\\src\\shared\\types\\password.types.ts","statementMap":{},"fnMap":{},"branchMap":{},"s":{},"f":{},"b":{},"meta":{"lastBranch":0,"lastFunction":0,"lastStatement":0,"seen":{}}}
,"C:\\Work\\TapaYBusca\\backend\\src\\shared\\types\\user.types.ts": {"path":"C:\\Work\\TapaYBusca\\backend\\src\\shared\\types\\user.types.ts","statementMap":{},"fnMap":{},"branchMap":{},"s":{},"f":{},"b":{},"meta":{"lastBranch":0,"lastFunction":0,"lastStatement":0,"seen":{}}}
,"C:\\Work\\TapaYBusca\\backend\\src\\shared\\types\\validation.types.ts": {"path":"C:\\Work\\TapaYBusca\\backend\\src\\shared\\types\\validation.types.ts","statementMap":{},"fnMap":{},"branchMap":{},"s":{},"f":{},"b":{},"meta":{"lastBranch":0,"lastFunction":0,"lastStatement":0,"seen":{}}}
,"C:\\Work\\TapaYBusca\\backend\\src\\shared\\utils\\password.ts": {"path":"C:\\Work\\TapaYBusca\\backend\\src\\shared\\utils\\password.ts","statementMap":{"0":{"start":{"line":4,"column":37},"end":{"line":4,"column":null}},"1":{"start":{"line":7,"column":18},"end":{"line":7,"column":null}},"2":{"start":{"line":8,"column":2},"end":{"line":8,"column":null}},"3":{"start":{"line":8,"column":16},"end":{"line":8,"column":null}},"4":{"start":{"line":12,"column":2},"end":{"line":12,"column":null}}},"fnMap":{"0":{"name":"verifyPassword","decl":{"start":{"line":6,"column":22},"end":{"line":6,"column":37}},"loc":{"start":{"line":6,"column":80},"end":{"line":9,"column":null}},"line":6},"1":{"name":"hashPassword","decl":{"start":{"line":11,"column":22},"end":{"line":11,"column":35}},"loc":{"start":{"line":11,"column":110},"end":{"line":13,"column":null}},"line":11}},"branchMap":{"0":{"loc":{"start":{"line":8,"column":2},"end":{"line":8,"column":null}},"type":"if","locations":[{"start":{"line":8,"column":2},"end":{"line":8,"column":null}},{"start":{},"end":{}}],"line":8},"1":{"loc":{"start":{"line":11,"column":53},"end":{"line":11,"column":110}},"type":"default-arg","locations":[{"start":{"line":11,"column":70},"end":{"line":11,"column":110}}],"line":11}},"s":{"0":4,"1":4,"2":4,"3":2,"4":8},"f":{"0":4,"1":8},"b":{"0":[2,2],"1":[8]},"meta":{"lastBranch":2,"lastFunction":2,"lastStatement":5,"seen":{"s:4:37:4:Infinity":0,"f:6:22:6:37":0,"s:7:18:7:Infinity":1,"b:8:2:8:Infinity:undefined:undefined:undefined:undefined":0,"s:8:2:8:Infinity":2,"s:8:16:8:Infinity":3,"f:11:22:11:35":1,"b:11:70:11:110":1,"s:12:2:12:Infinity":4}}}
,"C:\\Work\\TapaYBusca\\backend\\src\\shared\\utils\\validation.ts": {"path":"C:\\Work\\TapaYBusca\\backend\\src\\shared\\utils\\validation.ts","statementMap":{"0":{"start":{"line":5,"column":2},"end":{"line":5,"column":null}},"1":{"start":{"line":5,"column":38},"end":{"line":5,"column":null}},"2":{"start":{"line":6,"column":2},"end":{"line":6,"column":null}},"3":{"start":{"line":13,"column":2},"end":{"line":16,"column":null}},"4":{"start":{"line":14,"column":20},"end":{"line":14,"column":null}},"5":{"start":{"line":15,"column":4},"end":{"line":15,"column":null}},"6":{"start":{"line":27,"column":2},"end":{"line":30,"column":null}},"7":{"start":{"line":28,"column":20},"end":{"line":28,"column":null}},"8":{"start":{"line":29,"column":4},"end":{"line":29,"column":null}}},"fnMap":{"0":{"name":"validateEmail","decl":{"start":{"line":4,"column":16},"end":{"line":4,"column":30}},"loc":{"start":{"line":4,"column":77},"end":{"line":7,"column":null}},"line":4},"1":{"name":"ensureValidationPassed","decl":{"start":{"line":9,"column":16},"end":{"line":9,"column":null}},"loc":{"start":{"line":12,"column":8},"end":{"line":17,"column":null}},"line":12},"2":{"name":"ensureValidationPassedWithErrorList","decl":{"start":{"line":23,"column":16},"end":{"line":23,"column":null}},"loc":{"start":{"line":26,"column":8},"end":{"line":31,"column":null}},"line":26}},"branchMap":{"0":{"loc":{"start":{"line":5,"column":2},"end":{"line":5,"column":null}},"type":"if","locations":[{"start":{"line":5,"column":2},"end":{"line":5,"column":null}},{"start":{},"end":{}}],"line":5},"1":{"loc":{"start":{"line":5,"column":6},"end":{"line":5,"column":38}},"type":"binary-expr","locations":[{"start":{"line":5,"column":6},"end":{"line":5,"column":16}},{"start":{"line":5,"column":16},"end":{"line":5,"column":38}}],"line":5},"2":{"loc":{"start":{"line":11,"column":2},"end":{"line":11,"column":null}},"type":"default-arg","locations":[{"start":{"line":11,"column":16},"end":{"line":11,"column":null}}],"line":11},"3":{"loc":{"start":{"line":13,"column":2},"end":{"line":16,"column":null}},"type":"if","locations":[{"start":{"line":13,"column":2},"end":{"line":16,"column":null}},{"start":{},"end":{}}],"line":13},"4":{"loc":{"start":{"line":25,"column":2},"end":{"line":25,"column":null}},"type":"default-arg","locations":[{"start":{"line":25,"column":16},"end":{"line":25,"column":null}}],"line":25},"5":{"loc":{"start":{"line":27,"column":2},"end":{"line":30,"column":null}},"type":"if","locations":[{"start":{"line":27,"column":2},"end":{"line":30,"column":null}},{"start":{},"end":{}}],"line":27}},"s":{"0":16,"1":5,"2":11,"3":22,"4":12,"5":12,"6":98,"7":14,"8":14},"f":{"0":16,"1":22,"2":98},"b":{"0":[5,11],"1":[16,14],"2":[22],"3":[12,10],"4":[98],"5":[14,84]},"meta":{"lastBranch":6,"lastFunction":3,"lastStatement":9,"seen":{"f:4:16:4:30":0,"b:5:2:5:Infinity:undefined:undefined:undefined:undefined":0,"s:5:2:5:Infinity":0,"b:5:6:5:16:5:16:5:38":1,"s:5:38:5:Infinity":1,"s:6:2:6:Infinity":2,"f:9:16:9:Infinity":1,"b:11:16:11:Infinity":2,"b:13:2:16:Infinity:undefined:undefined:undefined:undefined":3,"s:13:2:16:Infinity":3,"s:14:20:14:Infinity":4,"s:15:4:15:Infinity":5,"f:23:16:23:Infinity":2,"b:25:16:25:Infinity":4,"b:27:2:30:Infinity:undefined:undefined:undefined:undefined":5,"s:27:2:30:Infinity":6,"s:28:20:28:Infinity":7,"s:29:4:29:Infinity":8}}}
}
